DQA08_4_2 profile: phase1 DQA-SBA + stable phase2 plateau
DQA08_4_2 protocol: dqa08_4_2_scene_phase1_dqa_sba_stable_policy_v1
DQA08_4_2 phase1 residual schedule: 0.45 -> 0.06
DQA08_4_2 phase2 residual schedule: 0.055 -> 0.010
DQA08_4_2 phase2 client train_scope: neck_head
DQA08_4_2 policy model: /app/Object_Detection/dynamic_quality_aware_classwise_aggregation/threshold_policy_model/artifacts/dqa05_threshold_policy.joblib
{
  "manifest": {
    "paper": "Navigating Data Heterogeneity in Federated Learning: A Semi-Supervised Federated Object Detection",
    "variant": "scene clients: highway, city street, residential",
    "official_ssfod_repo": "https://github.com/Kthyeon/ssfod",
    "official_ssfod_sha": "c411d22607c07a67ef632834eb15575f1df5c5f2",
    "efficientteacher_repo": "https://github.com/AlibabaResearch/efficientteacher",
    "efficientteacher_sha": "c411d22607c07a67ef632834eb15575f1df5c5f2",
    "server": {
      "weather": "cloudy represented by BDD100K Kaggle weather='partly cloudy'",
      "train_list": "/app/Object_Detection/dynamic_quality_aware_classwise_aggregation/efficientteacher_dqa08_4_2_scene_phase1_dqa_sba_stable_policy/data_lists/server_cloudy_train.txt",
      "val_list": "/app/Object_Detection/dynamic_quality_aware_classwise_aggregation/efficientteacher_dqa08_4_2_scene_phase1_dqa_sba_stable_policy/data_lists/paper_eval_scene_total_val.txt",
      "source_val_list": "/app/Object_Detection/dynamic_quality_aware_classwise_aggregation/efficientteacher_dqa08_4_2_scene_phase1_dqa_sba_stable_policy/data_lists/server_cloudy_val.txt",
      "train_images": 4881,
      "val_images": 9864,
      "source_val_images": 738,
      "validation_target": "scene_total"
    },
    "clients": [
      {
        "id": 0,
        "weather": "highway",
        "scene": "highway",
        "list": "/app/Object_Detection/dynamic_quality_aware_classwise_aggregation/efficientteacher_dqa08_4_2_scene_phase1_dqa_sba_stable_policy/data_lists/client_0_highway_target.txt",
        "images": 5000
      },
      {
        "id": 1,
        "weather": "citystreet",
        "scene": "city street",
        "list": "/app/Object_Detection/dynamic_quality_aware_classwise_aggregation/efficientteacher_dqa08_4_2_scene_phase1_dqa_sba_stable_policy/data_lists/client_1_citystreet_target.txt",
        "images": 5000
      },
      {
        "id": 2,
        "weather": "residential",
        "scene": "residential",
        "list": "/app/Object_Detection/dynamic_quality_aware_classwise_aggregation/efficientteacher_dqa08_4_2_scene_phase1_dqa_sba_stable_policy/data_lists/client_2_residential_target.txt",
        "images": 5000
      }
    ],
    "paper_evaluation": {
      "splits": [
        {
          "name": "highway",
          "raw_scene": "highway",
          "list": "/app/Object_Detection/dynamic_quality_aware_classwise_aggregation/efficientteacher_dqa08_4_2_scene_phase1_dqa_sba_stable_policy/data_lists/paper_eval_scene_highway_val.txt",
          "images": 2499,
          "boxes": 36377,
          "class_counts": {
            "car": 22337,
            "traffic sign": 9278,
            "traffic light": 2808,
            "truck": 1040,
            "person": 449,
            "bus": 309,
            "rider": 52,
            "motor": 31,
            "bike": 63,
            "train": 10
          }
        },
        {
          "name": "citystreet",
          "raw_scene": "city street",
          "list": "/app/Object_Detection/dynamic_quality_aware_classwise_aggregation/efficientteacher_dqa08_4_2_scene_phase1_dqa_sba_stable_policy/data_lists/paper_eval_scene_citystreet_val.txt",
          "images": 6112,
          "boxes": 127178,
          "class_counts": {
            "traffic sign": 22635,
            "traffic light": 22518,
            "car": 63950,
            "rider": 546,
            "motor": 361,
            "person": 12248,
            "bus": 1229,
            "truck": 2812,
            "bike": 874,
            "train": 5
          }
        },
        {
          "name": "residential",
          "raw_scene": "residential",
          "list": "/app/Object_Detection/dynamic_quality_aware_classwise_aggregation/efficientteacher_dqa08_4_2_scene_phase1_dqa_sba_stable_policy/data_lists/paper_eval_scene_residential_val.txt",
          "images": 1253,
          "boxes": 20855,
          "class_counts": {
            "traffic light": 1442,
            "traffic sign": 2652,
            "person": 669,
            "rider": 59,
            "bike": 101,
            "car": 15396,
            "bus": 113,
            "truck": 359,
            "motor": 64
          }
        }
      ],
      "total": {
        "name": "scene_total",
        "list": "/app/Object_Detection/dynamic_quality_aware_classwise_aggregation/efficientteacher_dqa08_4_2_scene_phase1_dqa_sba_stable_policy/data_lists/paper_eval_scene_total_val.txt",
        "images": 9864,
        "source_splits": [
          "highway",
          "citystreet",
          "residential"
        ]
      }
    },
    "classes": [
      "person",
      "rider",
      "car",
      "bus",
      "truck",
      "bike",
      "motor",
      "traffic light",
      "traffic sign",
      "train"
    ],
    "paper_schedule": {
      "warmup_epochs": 50,
      "phase1_rounds": 100,
      "phase2_rounds": 150,
      "local_epochs": 1
    }
  },
  "configs": {
    "server_warmup": "/app/Object_Detection/dynamic_quality_aware_classwise_aggregation/efficientteacher_dqa08_4_2_scene_phase1_dqa_sba_stable_policy/configs/server_warmup_yolov5l_bdd100k.yaml",
    "client_0_phase1": "/app/Object_Detection/dynamic_quality_aware_classwise_aggregation/efficientteacher_dqa08_4_2_scene_phase1_dqa_sba_stable_policy/configs/client_0_highway_phase1.yaml",
    "client_0_phase2": "/app/Object_Detection/dynamic_quality_aware_classwise_aggregation/efficientteacher_dqa08_4_2_scene_phase1_dqa_sba_stable_policy/configs/client_0_highway_phase2.yaml",
    "client_1_phase1": "/app/Object_Detection/dynamic_quality_aware_classwise_aggregation/efficientteacher_dqa08_4_2_scene_phase1_dqa_sba_stable_policy/configs/client_1_citystreet_phase1.yaml",
    "client_1_phase2": "/app/Object_Detection/dynamic_quality_aware_classwise_aggregation/efficientteacher_dqa08_4_2_scene_phase1_dqa_sba_stable_policy/configs/client_1_citystreet_phase2.yaml",
    "client_2_phase1": "/app/Object_Detection/dynamic_quality_aware_classwise_aggregation/efficientteacher_dqa08_4_2_scene_phase1_dqa_sba_stable_policy/configs/client_2_residential_phase1.yaml",
    "client_2_phase2": "/app/Object_Detection/dynamic_quality_aware_classwise_aggregation/efficientteacher_dqa08_4_2_scene_phase1_dqa_sba_stable_policy/configs/client_2_residential_phase2.yaml",
    "server_phase1": "/app/Object_Detection/dynamic_quality_aware_classwise_aggregation/efficientteacher_dqa08_4_2_scene_phase1_dqa_sba_stable_policy/configs/server_phase1_backbone.yaml",
    "server_phase2": "/app/Object_Detection/dynamic_quality_aware_classwise_aggregation/efficientteacher_dqa08_4_2_scene_phase1_dqa_sba_stable_policy/configs/server_phase2_orthogonal.yaml"
  }
}
Downloading https://github.com/AlibabaResearch/efficientteacher/releases/download/1.0/efficient-yolov5l.pt -> /app/Object_Detection/dynamic_quality_aware_classwise_aggregation/efficientteacher_dqa08_4_2_scene_phase1_dqa_sba_stable_policy/weights/efficient-yolov5l.pt
/root/micromamba/envs/al_yolov8/bin/python -m torch.distributed.run --nproc_per_node 2 --master_port 30142 train.py --cfg /app/Object_Detection/dynamic_quality_aware_classwise_aggregation/efficientteacher_dqa08_4_2_scene_phase1_dqa_sba_stable_policy/configs/runtime_server_warmup.yaml
Training output appended to /app/Object_Detection/dynamic_quality_aware_classwise_aggregation/logs_dqa08_4_2_scene_phase1_dqa_sba_stable_policy/train.log
No completed DQA-CWA federated rounds found; starting from phase 1 round 1.
/root/micromamba/envs/al_yolov8/bin/python -m torch.distributed.run --nproc_per_node 2 --master_port 30142 train.py --cfg /app/Object_Detection/dynamic_quality_aware_classwise_aggregation/efficientteacher_dqa08_4_2_scene_phase1_dqa_sba_stable_policy/configs/runtime_phase1_client_round1_dqa_phase1_round001_client0_highway.yaml
Training output appended to /app/Object_Detection/dynamic_quality_aware_classwise_aggregation/logs_dqa08_4_2_scene_phase1_dqa_sba_stable_policy/train.log
/root/micromamba/envs/al_yolov8/bin/python -m torch.distributed.run --nproc_per_node 2 --master_port 30142 train.py --cfg /app/Object_Detection/dynamic_quality_aware_classwise_aggregation/efficientteacher_dqa08_4_2_scene_phase1_dqa_sba_stable_policy/configs/runtime_phase1_client_round1_dqa_phase1_round001_client1_citystreet.yaml
Training output appended to /app/Object_Detection/dynamic_quality_aware_classwise_aggregation/logs_dqa08_4_2_scene_phase1_dqa_sba_stable_policy/train.log
/root/micromamba/envs/al_yolov8/bin/python -m torch.distributed.run --nproc_per_node 2 --master_port 30142 train.py --cfg /app/Object_Detection/dynamic_quality_aware_classwise_aggregation/efficientteacher_dqa08_4_2_scene_phase1_dqa_sba_stable_policy/configs/runtime_phase1_client_round1_dqa_phase1_round001_client2_residential.yaml
Training output appended to /app/Object_Detection/dynamic_quality_aware_classwise_aggregation/logs_dqa08_4_2_scene_phase1_dqa_sba_stable_policy/train.log
DQA08_4_2 Phase 1 aggregation: DQA-SBA residual=0.4500
/root/micromamba/envs/al_yolov8/bin/python -m torch.distributed.run --nproc_per_node 2 --master_port 30142 train.py --cfg /app/Object_Detection/dynamic_quality_aware_classwise_aggregation/efficientteacher_dqa08_4_2_scene_phase1_dqa_sba_stable_policy/configs/runtime_phase1_server_round1_dqa_phase1_round001_server.yaml
Training output appended to /app/Object_Detection/dynamic_quality_aware_classwise_aggregation/logs_dqa08_4_2_scene_phase1_dqa_sba_stable_policy/train.log
Completed DQA-CWA phase 1 round 1: /app/Object_Detection/dynamic_quality_aware_classwise_aggregation/efficientteacher_dqa08_4_2_scene_phase1_dqa_sba_stable_policy/global_checkpoints/phase1_round001_global.pt
/root/micromamba/envs/al_yolov8/bin/python -m torch.distributed.run --nproc_per_node 2 --master_port 30142 train.py --cfg /app/Object_Detection/dynamic_quality_aware_classwise_aggregation/efficientteacher_dqa08_4_2_scene_phase1_dqa_sba_stable_policy/configs/runtime_phase1_client_round2_dqa_phase1_round002_client0_highway.yaml
Training output appended to /app/Object_Detection/dynamic_quality_aware_classwise_aggregation/logs_dqa08_4_2_scene_phase1_dqa_sba_stable_policy/train.log
/root/micromamba/envs/al_yolov8/bin/python -m torch.distributed.run --nproc_per_node 2 --master_port 30142 train.py --cfg /app/Object_Detection/dynamic_quality_aware_classwise_aggregation/efficientteacher_dqa08_4_2_scene_phase1_dqa_sba_stable_policy/configs/runtime_phase1_client_round2_dqa_phase1_round002_client1_citystreet.yaml
Training output appended to /app/Object_Detection/dynamic_quality_aware_classwise_aggregation/logs_dqa08_4_2_scene_phase1_dqa_sba_stable_policy/train.log
/root/micromamba/envs/al_yolov8/bin/python -m torch.distributed.run --nproc_per_node 2 --master_port 30142 train.py --cfg /app/Object_Detection/dynamic_quality_aware_classwise_aggregation/efficientteacher_dqa08_4_2_scene_phase1_dqa_sba_stable_policy/configs/runtime_phase1_client_round2_dqa_phase1_round002_client2_residential.yaml
Training output appended to /app/Object_Detection/dynamic_quality_aware_classwise_aggregation/logs_dqa08_4_2_scene_phase1_dqa_sba_stable_policy/train.log
DQA08_4_2 Phase 1 aggregation: DQA-SBA residual=0.4145
/root/micromamba/envs/al_yolov8/bin/python -m torch.distributed.run --nproc_per_node 2 --master_port 30142 train.py --cfg /app/Object_Detection/dynamic_quality_aware_classwise_aggregation/efficientteacher_dqa08_4_2_scene_phase1_dqa_sba_stable_policy/configs/runtime_phase1_server_round2_dqa_phase1_round002_server.yaml
Training output appended to /app/Object_Detection/dynamic_quality_aware_classwise_aggregation/logs_dqa08_4_2_scene_phase1_dqa_sba_stable_policy/train.log
Completed DQA-CWA phase 1 round 2: /app/Object_Detection/dynamic_quality_aware_classwise_aggregation/efficientteacher_dqa08_4_2_scene_phase1_dqa_sba_stable_policy/global_checkpoints/phase1_round002_global.pt
/root/micromamba/envs/al_yolov8/bin/python -m torch.distributed.run --nproc_per_node 2 --master_port 30142 train.py --cfg /app/Object_Detection/dynamic_quality_aware_classwise_aggregation/efficientteacher_dqa08_4_2_scene_phase1_dqa_sba_stable_policy/configs/runtime_phase1_client_round3_dqa_phase1_round003_client0_highway.yaml
Training output appended to /app/Object_Detection/dynamic_quality_aware_classwise_aggregation/logs_dqa08_4_2_scene_phase1_dqa_sba_stable_policy/train.log
/root/micromamba/envs/al_yolov8/bin/python -m torch.distributed.run --nproc_per_node 2 --master_port 30142 train.py --cfg /app/Object_Detection/dynamic_quality_aware_classwise_aggregation/efficientteacher_dqa08_4_2_scene_phase1_dqa_sba_stable_policy/configs/runtime_phase1_client_round3_dqa_phase1_round003_client1_citystreet.yaml
Training output appended to /app/Object_Detection/dynamic_quality_aware_classwise_aggregation/logs_dqa08_4_2_scene_phase1_dqa_sba_stable_policy/train.log
/root/micromamba/envs/al_yolov8/bin/python -m torch.distributed.run --nproc_per_node 2 --master_port 30142 train.py --cfg /app/Object_Detection/dynamic_quality_aware_classwise_aggregation/efficientteacher_dqa08_4_2_scene_phase1_dqa_sba_stable_policy/configs/runtime_phase1_client_round3_dqa_phase1_round003_client2_residential.yaml
Training output appended to /app/Object_Detection/dynamic_quality_aware_classwise_aggregation/logs_dqa08_4_2_scene_phase1_dqa_sba_stable_policy/train.log
DQA08_4_2 Phase 1 aggregation: DQA-SBA residual=0.3791
/root/micromamba/envs/al_yolov8/bin/python -m torch.distributed.run --nproc_per_node 2 --master_port 30142 train.py --cfg /app/Object_Detection/dynamic_quality_aware_classwise_aggregation/efficientteacher_dqa08_4_2_scene_phase1_dqa_sba_stable_policy/configs/runtime_phase1_server_round3_dqa_phase1_round003_server.yaml
Training output appended to /app/Object_Detection/dynamic_quality_aware_classwise_aggregation/logs_dqa08_4_2_scene_phase1_dqa_sba_stable_policy/train.log
Completed DQA-CWA phase 1 round 3: /app/Object_Detection/dynamic_quality_aware_classwise_aggregation/efficientteacher_dqa08_4_2_scene_phase1_dqa_sba_stable_policy/global_checkpoints/phase1_round003_global.pt
/root/micromamba/envs/al_yolov8/bin/python -m torch.distributed.run --nproc_per_node 2 --master_port 30142 train.py --cfg /app/Object_Detection/dynamic_quality_aware_classwise_aggregation/efficientteacher_dqa08_4_2_scene_phase1_dqa_sba_stable_policy/configs/runtime_phase1_client_round4_dqa_phase1_round004_client0_highway.yaml
Training output appended to /app/Object_Detection/dynamic_quality_aware_classwise_aggregation/logs_dqa08_4_2_scene_phase1_dqa_sba_stable_policy/train.log
/root/micromamba/envs/al_yolov8/bin/python -m torch.distributed.run --nproc_per_node 2 --master_port 30142 train.py --cfg /app/Object_Detection/dynamic_quality_aware_classwise_aggregation/efficientteacher_dqa08_4_2_scene_phase1_dqa_sba_stable_policy/configs/runtime_phase1_client_round4_dqa_phase1_round004_client1_citystreet.yaml
Training output appended to /app/Object_Detection/dynamic_quality_aware_classwise_aggregation/logs_dqa08_4_2_scene_phase1_dqa_sba_stable_policy/train.log
/root/micromamba/envs/al_yolov8/bin/python -m torch.distributed.run --nproc_per_node 2 --master_port 30142 train.py --cfg /app/Object_Detection/dynamic_quality_aware_classwise_aggregation/efficientteacher_dqa08_4_2_scene_phase1_dqa_sba_stable_policy/configs/runtime_phase1_client_round4_dqa_phase1_round004_client2_residential.yaml
Training output appended to /app/Object_Detection/dynamic_quality_aware_classwise_aggregation/logs_dqa08_4_2_scene_phase1_dqa_sba_stable_policy/train.log
DQA08_4_2 Phase 1 aggregation: DQA-SBA residual=0.3436
/root/micromamba/envs/al_yolov8/bin/python -m torch.distributed.run --nproc_per_node 2 --master_port 30142 train.py --cfg /app/Object_Detection/dynamic_quality_aware_classwise_aggregation/efficientteacher_dqa08_4_2_scene_phase1_dqa_sba_stable_policy/configs/runtime_phase1_server_round4_dqa_phase1_round004_server.yaml
Training output appended to /app/Object_Detection/dynamic_quality_aware_classwise_aggregation/logs_dqa08_4_2_scene_phase1_dqa_sba_stable_policy/train.log
Completed DQA-CWA phase 1 round 4: /app/Object_Detection/dynamic_quality_aware_classwise_aggregation/efficientteacher_dqa08_4_2_scene_phase1_dqa_sba_stable_policy/global_checkpoints/phase1_round004_global.pt
/root/micromamba/envs/al_yolov8/bin/python -m torch.distributed.run --nproc_per_node 2 --master_port 30142 train.py --cfg /app/Object_Detection/dynamic_quality_aware_classwise_aggregation/efficientteacher_dqa08_4_2_scene_phase1_dqa_sba_stable_policy/configs/runtime_phase1_client_round5_dqa_phase1_round005_client0_highway.yaml
Training output appended to /app/Object_Detection/dynamic_quality_aware_classwise_aggregation/logs_dqa08_4_2_scene_phase1_dqa_sba_stable_policy/train.log
/root/micromamba/envs/al_yolov8/bin/python -m torch.distributed.run --nproc_per_node 2 --master_port 30142 train.py --cfg /app/Object_Detection/dynamic_quality_aware_classwise_aggregation/efficientteacher_dqa08_4_2_scene_phase1_dqa_sba_stable_policy/configs/runtime_phase1_client_round5_dqa_phase1_round005_client1_citystreet.yaml
Training output appended to /app/Object_Detection/dynamic_quality_aware_classwise_aggregation/logs_dqa08_4_2_scene_phase1_dqa_sba_stable_policy/train.log
/root/micromamba/envs/al_yolov8/bin/python -m torch.distributed.run --nproc_per_node 2 --master_port 30142 train.py --cfg /app/Object_Detection/dynamic_quality_aware_classwise_aggregation/efficientteacher_dqa08_4_2_scene_phase1_dqa_sba_stable_policy/configs/runtime_phase1_client_round5_dqa_phase1_round005_client2_residential.yaml
Training output appended to /app/Object_Detection/dynamic_quality_aware_classwise_aggregation/logs_dqa08_4_2_scene_phase1_dqa_sba_stable_policy/train.log
DQA08_4_2 Phase 1 aggregation: DQA-SBA residual=0.3082
/root/micromamba/envs/al_yolov8/bin/python -m torch.distributed.run --nproc_per_node 2 --master_port 30142 train.py --cfg /app/Object_Detection/dynamic_quality_aware_classwise_aggregation/efficientteacher_dqa08_4_2_scene_phase1_dqa_sba_stable_policy/configs/runtime_phase1_server_round5_dqa_phase1_round005_server.yaml
Training output appended to /app/Object_Detection/dynamic_quality_aware_classwise_aggregation/logs_dqa08_4_2_scene_phase1_dqa_sba_stable_policy/train.log
Completed DQA-CWA phase 1 round 5: /app/Object_Detection/dynamic_quality_aware_classwise_aggregation/efficientteacher_dqa08_4_2_scene_phase1_dqa_sba_stable_policy/global_checkpoints/phase1_round005_global.pt
/root/micromamba/envs/al_yolov8/bin/python -m torch.distributed.run --nproc_per_node 2 --master_port 30142 train.py --cfg /app/Object_Detection/dynamic_quality_aware_classwise_aggregation/efficientteacher_dqa08_4_2_scene_phase1_dqa_sba_stable_policy/configs/runtime_phase1_client_round6_dqa_phase1_round006_client0_highway.yaml
Training output appended to /app/Object_Detection/dynamic_quality_aware_classwise_aggregation/logs_dqa08_4_2_scene_phase1_dqa_sba_stable_policy/train.log
/root/micromamba/envs/al_yolov8/bin/python -m torch.distributed.run --nproc_per_node 2 --master_port 30142 train.py --cfg /app/Object_Detection/dynamic_quality_aware_classwise_aggregation/efficientteacher_dqa08_4_2_scene_phase1_dqa_sba_stable_policy/configs/runtime_phase1_client_round6_dqa_phase1_round006_client1_citystreet.yaml
Training output appended to /app/Object_Detection/dynamic_quality_aware_classwise_aggregation/logs_dqa08_4_2_scene_phase1_dqa_sba_stable_policy/train.log
/root/micromamba/envs/al_yolov8/bin/python -m torch.distributed.run --nproc_per_node 2 --master_port 30142 train.py --cfg /app/Object_Detection/dynamic_quality_aware_classwise_aggregation/efficientteacher_dqa08_4_2_scene_phase1_dqa_sba_stable_policy/configs/runtime_phase1_client_round6_dqa_phase1_round006_client2_residential.yaml
Training output appended to /app/Object_Detection/dynamic_quality_aware_classwise_aggregation/logs_dqa08_4_2_scene_phase1_dqa_sba_stable_policy/train.log
DQA08_4_2 Phase 1 aggregation: DQA-SBA residual=0.2727
/root/micromamba/envs/al_yolov8/bin/python -m torch.distributed.run --nproc_per_node 2 --master_port 30142 train.py --cfg /app/Object_Detection/dynamic_quality_aware_classwise_aggregation/efficientteacher_dqa08_4_2_scene_phase1_dqa_sba_stable_policy/configs/runtime_phase1_server_round6_dqa_phase1_round006_server.yaml
Training output appended to /app/Object_Detection/dynamic_quality_aware_classwise_aggregation/logs_dqa08_4_2_scene_phase1_dqa_sba_stable_policy/train.log
Completed DQA-CWA phase 1 round 6: /app/Object_Detection/dynamic_quality_aware_classwise_aggregation/efficientteacher_dqa08_4_2_scene_phase1_dqa_sba_stable_policy/global_checkpoints/phase1_round006_global.pt
/root/micromamba/envs/al_yolov8/bin/python -m torch.distributed.run --nproc_per_node 2 --master_port 30142 train.py --cfg /app/Object_Detection/dynamic_quality_aware_classwise_aggregation/efficientteacher_dqa08_4_2_scene_phase1_dqa_sba_stable_policy/configs/runtime_phase1_client_round7_dqa_phase1_round007_client0_highway.yaml
Training output appended to /app/Object_Detection/dynamic_quality_aware_classwise_aggregation/logs_dqa08_4_2_scene_phase1_dqa_sba_stable_policy/train.log
/root/micromamba/envs/al_yolov8/bin/python -m torch.distributed.run --nproc_per_node 2 --master_port 30142 train.py --cfg /app/Object_Detection/dynamic_quality_aware_classwise_aggregation/efficientteacher_dqa08_4_2_scene_phase1_dqa_sba_stable_policy/configs/runtime_phase1_client_round7_dqa_phase1_round007_client1_citystreet.yaml
Training output appended to /app/Object_Detection/dynamic_quality_aware_classwise_aggregation/logs_dqa08_4_2_scene_phase1_dqa_sba_stable_policy/train.log
/root/micromamba/envs/al_yolov8/bin/python -m torch.distributed.run --nproc_per_node 2 --master_port 30142 train.py --cfg /app/Object_Detection/dynamic_quality_aware_classwise_aggregation/efficientteacher_dqa08_4_2_scene_phase1_dqa_sba_stable_policy/configs/runtime_phase1_client_round7_dqa_phase1_round007_client2_residential.yaml
Training output appended to /app/Object_Detection/dynamic_quality_aware_classwise_aggregation/logs_dqa08_4_2_scene_phase1_dqa_sba_stable_policy/train.log
DQA08_4_2 Phase 1 aggregation: DQA-SBA residual=0.2373
/root/micromamba/envs/al_yolov8/bin/python -m torch.distributed.run --nproc_per_node 2 --master_port 30142 train.py --cfg /app/Object_Detection/dynamic_quality_aware_classwise_aggregation/efficientteacher_dqa08_4_2_scene_phase1_dqa_sba_stable_policy/configs/runtime_phase1_server_round7_dqa_phase1_round007_server.yaml
Training output appended to /app/Object_Detection/dynamic_quality_aware_classwise_aggregation/logs_dqa08_4_2_scene_phase1_dqa_sba_stable_policy/train.log
Completed DQA-CWA phase 1 round 7: /app/Object_Detection/dynamic_quality_aware_classwise_aggregation/efficientteacher_dqa08_4_2_scene_phase1_dqa_sba_stable_policy/global_checkpoints/phase1_round007_global.pt
/root/micromamba/envs/al_yolov8/bin/python -m torch.distributed.run --nproc_per_node 2 --master_port 30142 train.py --cfg /app/Object_Detection/dynamic_quality_aware_classwise_aggregation/efficientteacher_dqa08_4_2_scene_phase1_dqa_sba_stable_policy/configs/runtime_phase1_client_round8_dqa_phase1_round008_client0_highway.yaml
Training output appended to /app/Object_Detection/dynamic_quality_aware_classwise_aggregation/logs_dqa08_4_2_scene_phase1_dqa_sba_stable_policy/train.log
/root/micromamba/envs/al_yolov8/bin/python -m torch.distributed.run --nproc_per_node 2 --master_port 30142 train.py --cfg /app/Object_Detection/dynamic_quality_aware_classwise_aggregation/efficientteacher_dqa08_4_2_scene_phase1_dqa_sba_stable_policy/configs/runtime_phase1_client_round8_dqa_phase1_round008_client1_citystreet.yaml
Training output appended to /app/Object_Detection/dynamic_quality_aware_classwise_aggregation/logs_dqa08_4_2_scene_phase1_dqa_sba_stable_policy/train.log
/root/micromamba/envs/al_yolov8/bin/python -m torch.distributed.run --nproc_per_node 2 --master_port 30142 train.py --cfg /app/Object_Detection/dynamic_quality_aware_classwise_aggregation/efficientteacher_dqa08_4_2_scene_phase1_dqa_sba_stable_policy/configs/runtime_phase1_client_round8_dqa_phase1_round008_client2_residential.yaml
Training output appended to /app/Object_Detection/dynamic_quality_aware_classwise_aggregation/logs_dqa08_4_2_scene_phase1_dqa_sba_stable_policy/train.log
DQA08_4_2 Phase 1 aggregation: DQA-SBA residual=0.2018
/root/micromamba/envs/al_yolov8/bin/python -m torch.distributed.run --nproc_per_node 2 --master_port 30142 train.py --cfg /app/Object_Detection/dynamic_quality_aware_classwise_aggregation/efficientteacher_dqa08_4_2_scene_phase1_dqa_sba_stable_policy/configs/runtime_phase1_server_round8_dqa_phase1_round008_server.yaml
Training output appended to /app/Object_Detection/dynamic_quality_aware_classwise_aggregation/logs_dqa08_4_2_scene_phase1_dqa_sba_stable_policy/train.log
Completed DQA-CWA phase 1 round 8: /app/Object_Detection/dynamic_quality_aware_classwise_aggregation/efficientteacher_dqa08_4_2_scene_phase1_dqa_sba_stable_policy/global_checkpoints/phase1_round008_global.pt
/root/micromamba/envs/al_yolov8/bin/python -m torch.distributed.run --nproc_per_node 2 --master_port 30142 train.py --cfg /app/Object_Detection/dynamic_quality_aware_classwise_aggregation/efficientteacher_dqa08_4_2_scene_phase1_dqa_sba_stable_policy/configs/runtime_phase1_client_round9_dqa_phase1_round009_client0_highway.yaml
Training output appended to /app/Object_Detection/dynamic_quality_aware_classwise_aggregation/logs_dqa08_4_2_scene_phase1_dqa_sba_stable_policy/train.log
/root/micromamba/envs/al_yolov8/bin/python -m torch.distributed.run --nproc_per_node 2 --master_port 30142 train.py --cfg /app/Object_Detection/dynamic_quality_aware_classwise_aggregation/efficientteacher_dqa08_4_2_scene_phase1_dqa_sba_stable_policy/configs/runtime_phase1_client_round9_dqa_phase1_round009_client1_citystreet.yaml
Training output appended to /app/Object_Detection/dynamic_quality_aware_classwise_aggregation/logs_dqa08_4_2_scene_phase1_dqa_sba_stable_policy/train.log
/root/micromamba/envs/al_yolov8/bin/python -m torch.distributed.run --nproc_per_node 2 --master_port 30142 train.py --cfg /app/Object_Detection/dynamic_quality_aware_classwise_aggregation/efficientteacher_dqa08_4_2_scene_phase1_dqa_sba_stable_policy/configs/runtime_phase1_client_round9_dqa_phase1_round009_client2_residential.yaml
Training output appended to /app/Object_Detection/dynamic_quality_aware_classwise_aggregation/logs_dqa08_4_2_scene_phase1_dqa_sba_stable_policy/train.log
DQA08_4_2 Phase 1 aggregation: DQA-SBA residual=0.1664
/root/micromamba/envs/al_yolov8/bin/python -m torch.distributed.run --nproc_per_node 2 --master_port 30142 train.py --cfg /app/Object_Detection/dynamic_quality_aware_classwise_aggregation/efficientteacher_dqa08_4_2_scene_phase1_dqa_sba_stable_policy/configs/runtime_phase1_server_round9_dqa_phase1_round009_server.yaml
Training output appended to /app/Object_Detection/dynamic_quality_aware_classwise_aggregation/logs_dqa08_4_2_scene_phase1_dqa_sba_stable_policy/train.log
Completed DQA-CWA phase 1 round 9: /app/Object_Detection/dynamic_quality_aware_classwise_aggregation/efficientteacher_dqa08_4_2_scene_phase1_dqa_sba_stable_policy/global_checkpoints/phase1_round009_global.pt
/root/micromamba/envs/al_yolov8/bin/python -m torch.distributed.run --nproc_per_node 2 --master_port 30142 train.py --cfg /app/Object_Detection/dynamic_quality_aware_classwise_aggregation/efficientteacher_dqa08_4_2_scene_phase1_dqa_sba_stable_policy/configs/runtime_phase1_client_round10_dqa_phase1_round010_client0_highway.yaml
Training output appended to /app/Object_Detection/dynamic_quality_aware_classwise_aggregation/logs_dqa08_4_2_scene_phase1_dqa_sba_stable_policy/train.log
/root/micromamba/envs/al_yolov8/bin/python -m torch.distributed.run --nproc_per_node 2 --master_port 30142 train.py --cfg /app/Object_Detection/dynamic_quality_aware_classwise_aggregation/efficientteacher_dqa08_4_2_scene_phase1_dqa_sba_stable_policy/configs/runtime_phase1_client_round10_dqa_phase1_round010_client1_citystreet.yaml
Training output appended to /app/Object_Detection/dynamic_quality_aware_classwise_aggregation/logs_dqa08_4_2_scene_phase1_dqa_sba_stable_policy/train.log
/root/micromamba/envs/al_yolov8/bin/python -m torch.distributed.run --nproc_per_node 2 --master_port 30142 train.py --cfg /app/Object_Detection/dynamic_quality_aware_classwise_aggregation/efficientteacher_dqa08_4_2_scene_phase1_dqa_sba_stable_policy/configs/runtime_phase1_client_round10_dqa_phase1_round010_client2_residential.yaml
Training output appended to /app/Object_Detection/dynamic_quality_aware_classwise_aggregation/logs_dqa08_4_2_scene_phase1_dqa_sba_stable_policy/train.log
DQA08_4_2 Phase 1 aggregation: DQA-SBA residual=0.1309
/root/micromamba/envs/al_yolov8/bin/python -m torch.distributed.run --nproc_per_node 2 --master_port 30142 train.py --cfg /app/Object_Detection/dynamic_quality_aware_classwise_aggregation/efficientteacher_dqa08_4_2_scene_phase1_dqa_sba_stable_policy/configs/runtime_phase1_server_round10_dqa_phase1_round010_server.yaml
Training output appended to /app/Object_Detection/dynamic_quality_aware_classwise_aggregation/logs_dqa08_4_2_scene_phase1_dqa_sba_stable_policy/train.log
Completed DQA-CWA phase 1 round 10: /app/Object_Detection/dynamic_quality_aware_classwise_aggregation/efficientteacher_dqa08_4_2_scene_phase1_dqa_sba_stable_policy/global_checkpoints/phase1_round010_global.pt
/root/micromamba/envs/al_yolov8/bin/python -m torch.distributed.run --nproc_per_node 2 --master_port 30142 train.py --cfg /app/Object_Detection/dynamic_quality_aware_classwise_aggregation/efficientteacher_dqa08_4_2_scene_phase1_dqa_sba_stable_policy/configs/runtime_phase1_client_round11_dqa_phase1_round011_client0_highway.yaml
Training output appended to /app/Object_Detection/dynamic_quality_aware_classwise_aggregation/logs_dqa08_4_2_scene_phase1_dqa_sba_stable_policy/train.log
/root/micromamba/envs/al_yolov8/bin/python -m torch.distributed.run --nproc_per_node 2 --master_port 30142 train.py --cfg /app/Object_Detection/dynamic_quality_aware_classwise_aggregation/efficientteacher_dqa08_4_2_scene_phase1_dqa_sba_stable_policy/configs/runtime_phase1_client_round11_dqa_phase1_round011_client1_citystreet.yaml
Training output appended to /app/Object_Detection/dynamic_quality_aware_classwise_aggregation/logs_dqa08_4_2_scene_phase1_dqa_sba_stable_policy/train.log
/root/micromamba/envs/al_yolov8/bin/python -m torch.distributed.run --nproc_per_node 2 --master_port 30142 train.py --cfg /app/Object_Detection/dynamic_quality_aware_classwise_aggregation/efficientteacher_dqa08_4_2_scene_phase1_dqa_sba_stable_policy/configs/runtime_phase1_client_round11_dqa_phase1_round011_client2_residential.yaml
Training output appended to /app/Object_Detection/dynamic_quality_aware_classwise_aggregation/logs_dqa08_4_2_scene_phase1_dqa_sba_stable_policy/train.log
DQA08_4_2 Phase 1 aggregation: DQA-SBA residual=0.0955
/root/micromamba/envs/al_yolov8/bin/python -m torch.distributed.run --nproc_per_node 2 --master_port 30142 train.py --cfg /app/Object_Detection/dynamic_quality_aware_classwise_aggregation/efficientteacher_dqa08_4_2_scene_phase1_dqa_sba_stable_policy/configs/runtime_phase1_server_round11_dqa_phase1_round011_server.yaml
Training output appended to /app/Object_Detection/dynamic_quality_aware_classwise_aggregation/logs_dqa08_4_2_scene_phase1_dqa_sba_stable_policy/train.log
Completed DQA-CWA phase 1 round 11: /app/Object_Detection/dynamic_quality_aware_classwise_aggregation/efficientteacher_dqa08_4_2_scene_phase1_dqa_sba_stable_policy/global_checkpoints/phase1_round011_global.pt
/root/micromamba/envs/al_yolov8/bin/python -m torch.distributed.run --nproc_per_node 2 --master_port 30142 train.py --cfg /app/Object_Detection/dynamic_quality_aware_classwise_aggregation/efficientteacher_dqa08_4_2_scene_phase1_dqa_sba_stable_policy/configs/runtime_phase1_client_round12_dqa_phase1_round012_client0_highway.yaml
Training output appended to /app/Object_Detection/dynamic_quality_aware_classwise_aggregation/logs_dqa08_4_2_scene_phase1_dqa_sba_stable_policy/train.log
/root/micromamba/envs/al_yolov8/bin/python -m torch.distributed.run --nproc_per_node 2 --master_port 30142 train.py --cfg /app/Object_Detection/dynamic_quality_aware_classwise_aggregation/efficientteacher_dqa08_4_2_scene_phase1_dqa_sba_stable_policy/configs/runtime_phase1_client_round12_dqa_phase1_round012_client1_citystreet.yaml
Training output appended to /app/Object_Detection/dynamic_quality_aware_classwise_aggregation/logs_dqa08_4_2_scene_phase1_dqa_sba_stable_policy/train.log
/root/micromamba/envs/al_yolov8/bin/python -m torch.distributed.run --nproc_per_node 2 --master_port 30142 train.py --cfg /app/Object_Detection/dynamic_quality_aware_classwise_aggregation/efficientteacher_dqa08_4_2_scene_phase1_dqa_sba_stable_policy/configs/runtime_phase1_client_round12_dqa_phase1_round012_client2_residential.yaml
Training output appended to /app/Object_Detection/dynamic_quality_aware_classwise_aggregation/logs_dqa08_4_2_scene_phase1_dqa_sba_stable_policy/train.log
DQA08_4_2 Phase 1 aggregation: DQA-SBA residual=0.0600
/root/micromamba/envs/al_yolov8/bin/python -m torch.distributed.run --nproc_per_node 2 --master_port 30142 train.py --cfg /app/Object_Detection/dynamic_quality_aware_classwise_aggregation/efficientteacher_dqa08_4_2_scene_phase1_dqa_sba_stable_policy/configs/runtime_phase1_server_round12_dqa_phase1_round012_server.yaml
Training output appended to /app/Object_Detection/dynamic_quality_aware_classwise_aggregation/logs_dqa08_4_2_scene_phase1_dqa_sba_stable_policy/train.log
Completed DQA-CWA phase 1 round 12: /app/Object_Detection/dynamic_quality_aware_classwise_aggregation/efficientteacher_dqa08_4_2_scene_phase1_dqa_sba_stable_policy/global_checkpoints/phase1_round012_global.pt
/root/micromamba/envs/al_yolov8/bin/python -m torch.distributed.run --nproc_per_node 2 --master_port 30142 train.py --cfg /app/Object_Detection/dynamic_quality_aware_classwise_aggregation/efficientteacher_dqa08_4_2_scene_phase1_dqa_sba_stable_policy/configs/runtime_phase2_client_round1_dqa_phase2_round001_client0_highway.yaml
Training output appended to /app/Object_Detection/dynamic_quality_aware_classwise_aggregation/logs_dqa08_4_2_scene_phase1_dqa_sba_stable_policy/train.log
/root/micromamba/envs/al_yolov8/bin/python -m torch.distributed.run --nproc_per_node 2 --master_port 30142 train.py --cfg /app/Object_Detection/dynamic_quality_aware_classwise_aggregation/efficientteacher_dqa08_4_2_scene_phase1_dqa_sba_stable_policy/configs/runtime_phase2_client_round1_dqa_phase2_round001_client1_citystreet.yaml
Training output appended to /app/Object_Detection/dynamic_quality_aware_classwise_aggregation/logs_dqa08_4_2_scene_phase1_dqa_sba_stable_policy/train.log
/root/micromamba/envs/al_yolov8/bin/python -m torch.distributed.run --nproc_per_node 2 --master_port 30142 train.py --cfg /app/Object_Detection/dynamic_quality_aware_classwise_aggregation/efficientteacher_dqa08_4_2_scene_phase1_dqa_sba_stable_policy/configs/runtime_phase2_client_round1_dqa_phase2_round001_client2_residential.yaml
Training output appended to /app/Object_Detection/dynamic_quality_aware_classwise_aggregation/logs_dqa08_4_2_scene_phase1_dqa_sba_stable_policy/train.log
DQA08_4_2 Phase 2 aggregation: round=1 residual=0.0550 classwise=0.0550 min_server_alpha=0.780 server_anchor=14.00
/root/micromamba/envs/al_yolov8/bin/python -m torch.distributed.run --nproc_per_node 2 --master_port 30142 train.py --cfg /app/Object_Detection/dynamic_quality_aware_classwise_aggregation/efficientteacher_dqa08_4_2_scene_phase1_dqa_sba_stable_policy/configs/runtime_phase2_server_round1_dqa_phase2_round001_server.yaml
Training output appended to /app/Object_Detection/dynamic_quality_aware_classwise_aggregation/logs_dqa08_4_2_scene_phase1_dqa_sba_stable_policy/train.log
Completed DQA-CWA phase 2 round 1: /app/Object_Detection/dynamic_quality_aware_classwise_aggregation/efficientteacher_dqa08_4_2_scene_phase1_dqa_sba_stable_policy/global_checkpoints/phase2_round001_global.pt
/root/micromamba/envs/al_yolov8/bin/python -m torch.distributed.run --nproc_per_node 2 --master_port 30142 train.py --cfg /app/Object_Detection/dynamic_quality_aware_classwise_aggregation/efficientteacher_dqa08_4_2_scene_phase1_dqa_sba_stable_policy/configs/runtime_phase2_client_round2_dqa_phase2_round002_client0_highway.yaml
Training output appended to /app/Object_Detection/dynamic_quality_aware_classwise_aggregation/logs_dqa08_4_2_scene_phase1_dqa_sba_stable_policy/train.log
/root/micromamba/envs/al_yolov8/bin/python -m torch.distributed.run --nproc_per_node 2 --master_port 30142 train.py --cfg /app/Object_Detection/dynamic_quality_aware_classwise_aggregation/efficientteacher_dqa08_4_2_scene_phase1_dqa_sba_stable_policy/configs/runtime_phase2_client_round2_dqa_phase2_round002_client1_citystreet.yaml
Training output appended to /app/Object_Detection/dynamic_quality_aware_classwise_aggregation/logs_dqa08_4_2_scene_phase1_dqa_sba_stable_policy/train.log
/root/micromamba/envs/al_yolov8/bin/python -m torch.distributed.run --nproc_per_node 2 --master_port 30142 train.py --cfg /app/Object_Detection/dynamic_quality_aware_classwise_aggregation/efficientteacher_dqa08_4_2_scene_phase1_dqa_sba_stable_policy/configs/runtime_phase2_client_round2_dqa_phase2_round002_client2_residential.yaml
Training output appended to /app/Object_Detection/dynamic_quality_aware_classwise_aggregation/logs_dqa08_4_2_scene_phase1_dqa_sba_stable_policy/train.log
DQA08_4_2 Phase 2 aggregation: round=2 residual=0.0509 classwise=0.0514 min_server_alpha=0.793 server_anchor=14.91
/root/micromamba/envs/al_yolov8/bin/python -m torch.distributed.run --nproc_per_node 2 --master_port 30142 train.py --cfg /app/Object_Detection/dynamic_quality_aware_classwise_aggregation/efficientteacher_dqa08_4_2_scene_phase1_dqa_sba_stable_policy/configs/runtime_phase2_server_round2_dqa_phase2_round002_server.yaml
Training output appended to /app/Object_Detection/dynamic_quality_aware_classwise_aggregation/logs_dqa08_4_2_scene_phase1_dqa_sba_stable_policy/train.log
Completed DQA-CWA phase 2 round 2: /app/Object_Detection/dynamic_quality_aware_classwise_aggregation/efficientteacher_dqa08_4_2_scene_phase1_dqa_sba_stable_policy/global_checkpoints/phase2_round002_global.pt
/root/micromamba/envs/al_yolov8/bin/python -m torch.distributed.run --nproc_per_node 2 --master_port 30142 train.py --cfg /app/Object_Detection/dynamic_quality_aware_classwise_aggregation/efficientteacher_dqa08_4_2_scene_phase1_dqa_sba_stable_policy/configs/runtime_phase2_client_round3_dqa_phase2_round003_client0_highway.yaml
Training output appended to /app/Object_Detection/dynamic_quality_aware_classwise_aggregation/logs_dqa08_4_2_scene_phase1_dqa_sba_stable_policy/train.log
/root/micromamba/envs/al_yolov8/bin/python -m torch.distributed.run --nproc_per_node 2 --master_port 30142 train.py --cfg /app/Object_Detection/dynamic_quality_aware_classwise_aggregation/efficientteacher_dqa08_4_2_scene_phase1_dqa_sba_stable_policy/configs/runtime_phase2_client_round3_dqa_phase2_round003_client1_citystreet.yaml
Training output appended to /app/Object_Detection/dynamic_quality_aware_classwise_aggregation/logs_dqa08_4_2_scene_phase1_dqa_sba_stable_policy/train.log
/root/micromamba/envs/al_yolov8/bin/python -m torch.distributed.run --nproc_per_node 2 --master_port 30142 train.py --cfg /app/Object_Detection/dynamic_quality_aware_classwise_aggregation/efficientteacher_dqa08_4_2_scene_phase1_dqa_sba_stable_policy/configs/runtime_phase2_client_round3_dqa_phase2_round003_client2_residential.yaml
Training output appended to /app/Object_Detection/dynamic_quality_aware_classwise_aggregation/logs_dqa08_4_2_scene_phase1_dqa_sba_stable_policy/train.log
DQA08_4_2 Phase 2 aggregation: round=3 residual=0.0468 classwise=0.0477 min_server_alpha=0.805 server_anchor=15.82
/root/micromamba/envs/al_yolov8/bin/python -m torch.distributed.run --nproc_per_node 2 --master_port 30142 train.py --cfg /app/Object_Detection/dynamic_quality_aware_classwise_aggregation/efficientteacher_dqa08_4_2_scene_phase1_dqa_sba_stable_policy/configs/runtime_phase2_server_round3_dqa_phase2_round003_server.yaml
Training output appended to /app/Object_Detection/dynamic_quality_aware_classwise_aggregation/logs_dqa08_4_2_scene_phase1_dqa_sba_stable_policy/train.log
Completed DQA-CWA phase 2 round 3: /app/Object_Detection/dynamic_quality_aware_classwise_aggregation/efficientteacher_dqa08_4_2_scene_phase1_dqa_sba_stable_policy/global_checkpoints/phase2_round003_global.pt
/root/micromamba/envs/al_yolov8/bin/python -m torch.distributed.run --nproc_per_node 2 --master_port 30142 train.py --cfg /app/Object_Detection/dynamic_quality_aware_classwise_aggregation/efficientteacher_dqa08_4_2_scene_phase1_dqa_sba_stable_policy/configs/runtime_phase2_client_round4_dqa_phase2_round004_client0_highway.yaml
Training output appended to /app/Object_Detection/dynamic_quality_aware_classwise_aggregation/logs_dqa08_4_2_scene_phase1_dqa_sba_stable_policy/train.log
/root/micromamba/envs/al_yolov8/bin/python -m torch.distributed.run --nproc_per_node 2 --master_port 30142 train.py --cfg /app/Object_Detection/dynamic_quality_aware_classwise_aggregation/efficientteacher_dqa08_4_2_scene_phase1_dqa_sba_stable_policy/configs/runtime_phase2_client_round4_dqa_phase2_round004_client1_citystreet.yaml
Training output appended to /app/Object_Detection/dynamic_quality_aware_classwise_aggregation/logs_dqa08_4_2_scene_phase1_dqa_sba_stable_policy/train.log
/root/micromamba/envs/al_yolov8/bin/python -m torch.distributed.run --nproc_per_node 2 --master_port 30142 train.py --cfg /app/Object_Detection/dynamic_quality_aware_classwise_aggregation/efficientteacher_dqa08_4_2_scene_phase1_dqa_sba_stable_policy/configs/runtime_phase2_client_round4_dqa_phase2_round004_client2_residential.yaml
Training output appended to /app/Object_Detection/dynamic_quality_aware_classwise_aggregation/logs_dqa08_4_2_scene_phase1_dqa_sba_stable_policy/train.log
DQA08_4_2 Phase 2 aggregation: round=4 residual=0.0427 classwise=0.0441 min_server_alpha=0.818 server_anchor=16.73
/root/micromamba/envs/al_yolov8/bin/python -m torch.distributed.run --nproc_per_node 2 --master_port 30142 train.py --cfg /app/Object_Detection/dynamic_quality_aware_classwise_aggregation/efficientteacher_dqa08_4_2_scene_phase1_dqa_sba_stable_policy/configs/runtime_phase2_server_round4_dqa_phase2_round004_server.yaml
Training output appended to /app/Object_Detection/dynamic_quality_aware_classwise_aggregation/logs_dqa08_4_2_scene_phase1_dqa_sba_stable_policy/train.log
Completed DQA-CWA phase 2 round 4: /app/Object_Detection/dynamic_quality_aware_classwise_aggregation/efficientteacher_dqa08_4_2_scene_phase1_dqa_sba_stable_policy/global_checkpoints/phase2_round004_global.pt
/root/micromamba/envs/al_yolov8/bin/python -m torch.distributed.run --nproc_per_node 2 --master_port 30142 train.py --cfg /app/Object_Detection/dynamic_quality_aware_classwise_aggregation/efficientteacher_dqa08_4_2_scene_phase1_dqa_sba_stable_policy/configs/runtime_phase2_client_round5_dqa_phase2_round005_client0_highway.yaml
Training output appended to /app/Object_Detection/dynamic_quality_aware_classwise_aggregation/logs_dqa08_4_2_scene_phase1_dqa_sba_stable_policy/train.log
/root/micromamba/envs/al_yolov8/bin/python -m torch.distributed.run --nproc_per_node 2 --master_port 30142 train.py --cfg /app/Object_Detection/dynamic_quality_aware_classwise_aggregation/efficientteacher_dqa08_4_2_scene_phase1_dqa_sba_stable_policy/configs/runtime_phase2_client_round5_dqa_phase2_round005_client1_citystreet.yaml
Training output appended to /app/Object_Detection/dynamic_quality_aware_classwise_aggregation/logs_dqa08_4_2_scene_phase1_dqa_sba_stable_policy/train.log
/root/micromamba/envs/al_yolov8/bin/python -m torch.distributed.run --nproc_per_node 2 --master_port 30142 train.py --cfg /app/Object_Detection/dynamic_quality_aware_classwise_aggregation/efficientteacher_dqa08_4_2_scene_phase1_dqa_sba_stable_policy/configs/runtime_phase2_client_round5_dqa_phase2_round005_client2_residential.yaml
Training output appended to /app/Object_Detection/dynamic_quality_aware_classwise_aggregation/logs_dqa08_4_2_scene_phase1_dqa_sba_stable_policy/train.log
DQA08_4_2 Phase 2 aggregation: round=5 residual=0.0386 classwise=0.0405 min_server_alpha=0.831 server_anchor=17.64
/root/micromamba/envs/al_yolov8/bin/python -m torch.distributed.run --nproc_per_node 2 --master_port 30142 train.py --cfg /app/Object_Detection/dynamic_quality_aware_classwise_aggregation/efficientteacher_dqa08_4_2_scene_phase1_dqa_sba_stable_policy/configs/runtime_phase2_server_round5_dqa_phase2_round005_server.yaml
Training output appended to /app/Object_Detection/dynamic_quality_aware_classwise_aggregation/logs_dqa08_4_2_scene_phase1_dqa_sba_stable_policy/train.log
Completed DQA-CWA phase 2 round 5: /app/Object_Detection/dynamic_quality_aware_classwise_aggregation/efficientteacher_dqa08_4_2_scene_phase1_dqa_sba_stable_policy/global_checkpoints/phase2_round005_global.pt
/root/micromamba/envs/al_yolov8/bin/python -m torch.distributed.run --nproc_per_node 2 --master_port 30142 train.py --cfg /app/Object_Detection/dynamic_quality_aware_classwise_aggregation/efficientteacher_dqa08_4_2_scene_phase1_dqa_sba_stable_policy/configs/runtime_phase2_client_round6_dqa_phase2_round006_client0_highway.yaml
Training output appended to /app/Object_Detection/dynamic_quality_aware_classwise_aggregation/logs_dqa08_4_2_scene_phase1_dqa_sba_stable_policy/train.log
/root/micromamba/envs/al_yolov8/bin/python -m torch.distributed.run --nproc_per_node 2 --master_port 30142 train.py --cfg /app/Object_Detection/dynamic_quality_aware_classwise_aggregation/efficientteacher_dqa08_4_2_scene_phase1_dqa_sba_stable_policy/configs/runtime_phase2_client_round6_dqa_phase2_round006_client1_citystreet.yaml
Training output appended to /app/Object_Detection/dynamic_quality_aware_classwise_aggregation/logs_dqa08_4_2_scene_phase1_dqa_sba_stable_policy/train.log
/root/micromamba/envs/al_yolov8/bin/python -m torch.distributed.run --nproc_per_node 2 --master_port 30142 train.py --cfg /app/Object_Detection/dynamic_quality_aware_classwise_aggregation/efficientteacher_dqa08_4_2_scene_phase1_dqa_sba_stable_policy/configs/runtime_phase2_client_round6_dqa_phase2_round006_client2_residential.yaml
Training output appended to /app/Object_Detection/dynamic_quality_aware_classwise_aggregation/logs_dqa08_4_2_scene_phase1_dqa_sba_stable_policy/train.log
DQA08_4_2 Phase 2 aggregation: round=6 residual=0.0345 classwise=0.0368 min_server_alpha=0.844 server_anchor=18.55
/root/micromamba/envs/al_yolov8/bin/python -m torch.distributed.run --nproc_per_node 2 --master_port 30142 train.py --cfg /app/Object_Detection/dynamic_quality_aware_classwise_aggregation/efficientteacher_dqa08_4_2_scene_phase1_dqa_sba_stable_policy/configs/runtime_phase2_server_round6_dqa_phase2_round006_server.yaml
Training output appended to /app/Object_Detection/dynamic_quality_aware_classwise_aggregation/logs_dqa08_4_2_scene_phase1_dqa_sba_stable_policy/train.log
Completed DQA-CWA phase 2 round 6: /app/Object_Detection/dynamic_quality_aware_classwise_aggregation/efficientteacher_dqa08_4_2_scene_phase1_dqa_sba_stable_policy/global_checkpoints/phase2_round006_global.pt
/root/micromamba/envs/al_yolov8/bin/python -m torch.distributed.run --nproc_per_node 2 --master_port 30142 train.py --cfg /app/Object_Detection/dynamic_quality_aware_classwise_aggregation/efficientteacher_dqa08_4_2_scene_phase1_dqa_sba_stable_policy/configs/runtime_phase2_client_round7_dqa_phase2_round007_client0_highway.yaml
Training output appended to /app/Object_Detection/dynamic_quality_aware_classwise_aggregation/logs_dqa08_4_2_scene_phase1_dqa_sba_stable_policy/train.log
/root/micromamba/envs/al_yolov8/bin/python -m torch.distributed.run --nproc_per_node 2 --master_port 30142 train.py --cfg /app/Object_Detection/dynamic_quality_aware_classwise_aggregation/efficientteacher_dqa08_4_2_scene_phase1_dqa_sba_stable_policy/configs/runtime_phase2_client_round7_dqa_phase2_round007_client1_citystreet.yaml
Training output appended to /app/Object_Detection/dynamic_quality_aware_classwise_aggregation/logs_dqa08_4_2_scene_phase1_dqa_sba_stable_policy/train.log
/root/micromamba/envs/al_yolov8/bin/python -m torch.distributed.run --nproc_per_node 2 --master_port 30142 train.py --cfg /app/Object_Detection/dynamic_quality_aware_classwise_aggregation/efficientteacher_dqa08_4_2_scene_phase1_dqa_sba_stable_policy/configs/runtime_phase2_client_round7_dqa_phase2_round007_client2_residential.yaml
Training output appended to /app/Object_Detection/dynamic_quality_aware_classwise_aggregation/logs_dqa08_4_2_scene_phase1_dqa_sba_stable_policy/train.log
DQA08_4_2 Phase 2 aggregation: round=7 residual=0.0305 classwise=0.0332 min_server_alpha=0.856 server_anchor=19.45
/root/micromamba/envs/al_yolov8/bin/python -m torch.distributed.run --nproc_per_node 2 --master_port 30142 train.py --cfg /app/Object_Detection/dynamic_quality_aware_classwise_aggregation/efficientteacher_dqa08_4_2_scene_phase1_dqa_sba_stable_policy/configs/runtime_phase2_server_round7_dqa_phase2_round007_server.yaml
Training output appended to /app/Object_Detection/dynamic_quality_aware_classwise_aggregation/logs_dqa08_4_2_scene_phase1_dqa_sba_stable_policy/train.log
Completed DQA-CWA phase 2 round 7: /app/Object_Detection/dynamic_quality_aware_classwise_aggregation/efficientteacher_dqa08_4_2_scene_phase1_dqa_sba_stable_policy/global_checkpoints/phase2_round007_global.pt
/root/micromamba/envs/al_yolov8/bin/python -m torch.distributed.run --nproc_per_node 2 --master_port 30142 train.py --cfg /app/Object_Detection/dynamic_quality_aware_classwise_aggregation/efficientteacher_dqa08_4_2_scene_phase1_dqa_sba_stable_policy/configs/runtime_phase2_client_round8_dqa_phase2_round008_client0_highway.yaml
Training output appended to /app/Object_Detection/dynamic_quality_aware_classwise_aggregation/logs_dqa08_4_2_scene_phase1_dqa_sba_stable_policy/train.log
/root/micromamba/envs/al_yolov8/bin/python -m torch.distributed.run --nproc_per_node 2 --master_port 30142 train.py --cfg /app/Object_Detection/dynamic_quality_aware_classwise_aggregation/efficientteacher_dqa08_4_2_scene_phase1_dqa_sba_stable_policy/configs/runtime_phase2_client_round8_dqa_phase2_round008_client1_citystreet.yaml
Training output appended to /app/Object_Detection/dynamic_quality_aware_classwise_aggregation/logs_dqa08_4_2_scene_phase1_dqa_sba_stable_policy/train.log
/root/micromamba/envs/al_yolov8/bin/python -m torch.distributed.run --nproc_per_node 2 --master_port 30142 train.py --cfg /app/Object_Detection/dynamic_quality_aware_classwise_aggregation/efficientteacher_dqa08_4_2_scene_phase1_dqa_sba_stable_policy/configs/runtime_phase2_client_round8_dqa_phase2_round008_client2_residential.yaml
Training output appended to /app/Object_Detection/dynamic_quality_aware_classwise_aggregation/logs_dqa08_4_2_scene_phase1_dqa_sba_stable_policy/train.log
DQA08_4_2 Phase 2 aggregation: round=8 residual=0.0264 classwise=0.0295 min_server_alpha=0.869 server_anchor=20.36
/root/micromamba/envs/al_yolov8/bin/python -m torch.distributed.run --nproc_per_node 2 --master_port 30142 train.py --cfg /app/Object_Detection/dynamic_quality_aware_classwise_aggregation/efficientteacher_dqa08_4_2_scene_phase1_dqa_sba_stable_policy/configs/runtime_phase2_server_round8_dqa_phase2_round008_server.yaml
Training output appended to /app/Object_Detection/dynamic_quality_aware_classwise_aggregation/logs_dqa08_4_2_scene_phase1_dqa_sba_stable_policy/train.log
Completed DQA-CWA phase 2 round 8: /app/Object_Detection/dynamic_quality_aware_classwise_aggregation/efficientteacher_dqa08_4_2_scene_phase1_dqa_sba_stable_policy/global_checkpoints/phase2_round008_global.pt
/root/micromamba/envs/al_yolov8/bin/python -m torch.distributed.run --nproc_per_node 2 --master_port 30142 train.py --cfg /app/Object_Detection/dynamic_quality_aware_classwise_aggregation/efficientteacher_dqa08_4_2_scene_phase1_dqa_sba_stable_policy/configs/runtime_phase2_client_round9_dqa_phase2_round009_client0_highway.yaml
Training output appended to /app/Object_Detection/dynamic_quality_aware_classwise_aggregation/logs_dqa08_4_2_scene_phase1_dqa_sba_stable_policy/train.log
/root/micromamba/envs/al_yolov8/bin/python -m torch.distributed.run --nproc_per_node 2 --master_port 30142 train.py --cfg /app/Object_Detection/dynamic_quality_aware_classwise_aggregation/efficientteacher_dqa08_4_2_scene_phase1_dqa_sba_stable_policy/configs/runtime_phase2_client_round9_dqa_phase2_round009_client1_citystreet.yaml
Training output appended to /app/Object_Detection/dynamic_quality_aware_classwise_aggregation/logs_dqa08_4_2_scene_phase1_dqa_sba_stable_policy/train.log
/root/micromamba/envs/al_yolov8/bin/python -m torch.distributed.run --nproc_per_node 2 --master_port 30142 train.py --cfg /app/Object_Detection/dynamic_quality_aware_classwise_aggregation/efficientteacher_dqa08_4_2_scene_phase1_dqa_sba_stable_policy/configs/runtime_phase2_client_round9_dqa_phase2_round009_client2_residential.yaml
Training output appended to /app/Object_Detection/dynamic_quality_aware_classwise_aggregation/logs_dqa08_4_2_scene_phase1_dqa_sba_stable_policy/train.log
DQA08_4_2 Phase 2 aggregation: round=9 residual=0.0223 classwise=0.0259 min_server_alpha=0.882 server_anchor=21.27
/root/micromamba/envs/al_yolov8/bin/python -m torch.distributed.run --nproc_per_node 2 --master_port 30142 train.py --cfg /app/Object_Detection/dynamic_quality_aware_classwise_aggregation/efficientteacher_dqa08_4_2_scene_phase1_dqa_sba_stable_policy/configs/runtime_phase2_server_round9_dqa_phase2_round009_server.yaml
Training output appended to /app/Object_Detection/dynamic_quality_aware_classwise_aggregation/logs_dqa08_4_2_scene_phase1_dqa_sba_stable_policy/train.log
Completed DQA-CWA phase 2 round 9: /app/Object_Detection/dynamic_quality_aware_classwise_aggregation/efficientteacher_dqa08_4_2_scene_phase1_dqa_sba_stable_policy/global_checkpoints/phase2_round009_global.pt
/root/micromamba/envs/al_yolov8/bin/python -m torch.distributed.run --nproc_per_node 2 --master_port 30142 train.py --cfg /app/Object_Detection/dynamic_quality_aware_classwise_aggregation/efficientteacher_dqa08_4_2_scene_phase1_dqa_sba_stable_policy/configs/runtime_phase2_client_round10_dqa_phase2_round010_client0_highway.yaml
Training output appended to /app/Object_Detection/dynamic_quality_aware_classwise_aggregation/logs_dqa08_4_2_scene_phase1_dqa_sba_stable_policy/train.log
/root/micromamba/envs/al_yolov8/bin/python -m torch.distributed.run --nproc_per_node 2 --master_port 30142 train.py --cfg /app/Object_Detection/dynamic_quality_aware_classwise_aggregation/efficientteacher_dqa08_4_2_scene_phase1_dqa_sba_stable_policy/configs/runtime_phase2_client_round10_dqa_phase2_round010_client1_citystreet.yaml
Training output appended to /app/Object_Detection/dynamic_quality_aware_classwise_aggregation/logs_dqa08_4_2_scene_phase1_dqa_sba_stable_policy/train.log
/root/micromamba/envs/al_yolov8/bin/python -m torch.distributed.run --nproc_per_node 2 --master_port 30142 train.py --cfg /app/Object_Detection/dynamic_quality_aware_classwise_aggregation/efficientteacher_dqa08_4_2_scene_phase1_dqa_sba_stable_policy/configs/runtime_phase2_client_round10_dqa_phase2_round010_client2_residential.yaml
Training output appended to /app/Object_Detection/dynamic_quality_aware_classwise_aggregation/logs_dqa08_4_2_scene_phase1_dqa_sba_stable_policy/train.log
DQA08_4_2 Phase 2 aggregation: round=10 residual=0.0182 classwise=0.0223 min_server_alpha=0.895 server_anchor=22.18
/root/micromamba/envs/al_yolov8/bin/python -m torch.distributed.run --nproc_per_node 2 --master_port 30142 train.py --cfg /app/Object_Detection/dynamic_quality_aware_classwise_aggregation/efficientteacher_dqa08_4_2_scene_phase1_dqa_sba_stable_policy/configs/runtime_phase2_server_round10_dqa_phase2_round010_server.yaml
Training output appended to /app/Object_Detection/dynamic_quality_aware_classwise_aggregation/logs_dqa08_4_2_scene_phase1_dqa_sba_stable_policy/train.log
Completed DQA-CWA phase 2 round 10: /app/Object_Detection/dynamic_quality_aware_classwise_aggregation/efficientteacher_dqa08_4_2_scene_phase1_dqa_sba_stable_policy/global_checkpoints/phase2_round010_global.pt
/root/micromamba/envs/al_yolov8/bin/python -m torch.distributed.run --nproc_per_node 2 --master_port 30142 train.py --cfg /app/Object_Detection/dynamic_quality_aware_classwise_aggregation/efficientteacher_dqa08_4_2_scene_phase1_dqa_sba_stable_policy/configs/runtime_phase2_client_round11_dqa_phase2_round011_client0_highway.yaml
Training output appended to /app/Object_Detection/dynamic_quality_aware_classwise_aggregation/logs_dqa08_4_2_scene_phase1_dqa_sba_stable_policy/train.log
/root/micromamba/envs/al_yolov8/bin/python -m torch.distributed.run --nproc_per_node 2 --master_port 30142 train.py --cfg /app/Object_Detection/dynamic_quality_aware_classwise_aggregation/efficientteacher_dqa08_4_2_scene_phase1_dqa_sba_stable_policy/configs/runtime_phase2_client_round11_dqa_phase2_round011_client1_citystreet.yaml
Training output appended to /app/Object_Detection/dynamic_quality_aware_classwise_aggregation/logs_dqa08_4_2_scene_phase1_dqa_sba_stable_policy/train.log
/root/micromamba/envs/al_yolov8/bin/python -m torch.distributed.run --nproc_per_node 2 --master_port 30142 train.py --cfg /app/Object_Detection/dynamic_quality_aware_classwise_aggregation/efficientteacher_dqa08_4_2_scene_phase1_dqa_sba_stable_policy/configs/runtime_phase2_client_round11_dqa_phase2_round011_client2_residential.yaml
Training output appended to /app/Object_Detection/dynamic_quality_aware_classwise_aggregation/logs_dqa08_4_2_scene_phase1_dqa_sba_stable_policy/train.log
DQA08_4_2 Phase 2 aggregation: round=11 residual=0.0141 classwise=0.0186 min_server_alpha=0.907 server_anchor=23.09
/root/micromamba/envs/al_yolov8/bin/python -m torch.distributed.run --nproc_per_node 2 --master_port 30142 train.py --cfg /app/Object_Detection/dynamic_quality_aware_classwise_aggregation/efficientteacher_dqa08_4_2_scene_phase1_dqa_sba_stable_policy/configs/runtime_phase2_server_round11_dqa_phase2_round011_server.yaml
Training output appended to /app/Object_Detection/dynamic_quality_aware_classwise_aggregation/logs_dqa08_4_2_scene_phase1_dqa_sba_stable_policy/train.log
Completed DQA-CWA phase 2 round 11: /app/Object_Detection/dynamic_quality_aware_classwise_aggregation/efficientteacher_dqa08_4_2_scene_phase1_dqa_sba_stable_policy/global_checkpoints/phase2_round011_global.pt
/root/micromamba/envs/al_yolov8/bin/python -m torch.distributed.run --nproc_per_node 2 --master_port 30142 train.py --cfg /app/Object_Detection/dynamic_quality_aware_classwise_aggregation/efficientteacher_dqa08_4_2_scene_phase1_dqa_sba_stable_policy/configs/runtime_phase2_client_round12_dqa_phase2_round012_client0_highway.yaml
Training output appended to /app/Object_Detection/dynamic_quality_aware_classwise_aggregation/logs_dqa08_4_2_scene_phase1_dqa_sba_stable_policy/train.log
/root/micromamba/envs/al_yolov8/bin/python -m torch.distributed.run --nproc_per_node 2 --master_port 30142 train.py --cfg /app/Object_Detection/dynamic_quality_aware_classwise_aggregation/efficientteacher_dqa08_4_2_scene_phase1_dqa_sba_stable_policy/configs/runtime_phase2_client_round12_dqa_phase2_round012_client1_citystreet.yaml
Training output appended to /app/Object_Detection/dynamic_quality_aware_classwise_aggregation/logs_dqa08_4_2_scene_phase1_dqa_sba_stable_policy/train.log
/root/micromamba/envs/al_yolov8/bin/python -m torch.distributed.run --nproc_per_node 2 --master_port 30142 train.py --cfg /app/Object_Detection/dynamic_quality_aware_classwise_aggregation/efficientteacher_dqa08_4_2_scene_phase1_dqa_sba_stable_policy/configs/runtime_phase2_client_round12_dqa_phase2_round012_client2_residential.yaml
Training output appended to /app/Object_Detection/dynamic_quality_aware_classwise_aggregation/logs_dqa08_4_2_scene_phase1_dqa_sba_stable_policy/train.log
DQA08_4_2 Phase 2 aggregation: round=12 residual=0.0100 classwise=0.0150 min_server_alpha=0.920 server_anchor=24.00
/root/micromamba/envs/al_yolov8/bin/python -m torch.distributed.run --nproc_per_node 2 --master_port 30142 train.py --cfg /app/Object_Detection/dynamic_quality_aware_classwise_aggregation/efficientteacher_dqa08_4_2_scene_phase1_dqa_sba_stable_policy/configs/runtime_phase2_server_round12_dqa_phase2_round012_server.yaml
Training output appended to /app/Object_Detection/dynamic_quality_aware_classwise_aggregation/logs_dqa08_4_2_scene_phase1_dqa_sba_stable_policy/train.log
Completed DQA-CWA phase 2 round 12: /app/Object_Detection/dynamic_quality_aware_classwise_aggregation/efficientteacher_dqa08_4_2_scene_phase1_dqa_sba_stable_policy/global_checkpoints/phase2_round012_global.pt
