
====================================================================================================
/root/micromamba/envs/al_yolov8/bin/python /app/Object_Detection/dynamic_quality_aware_classwise_aggregation/run_dqa_cwa_fedsto_scene_v2_phase2_anti_drift_sweep.py --workspace-root /app/Object_Detection/dynamic_quality_aware_classwise_aggregation/efficientteacher_dqa08_3_3_phase2_anti_drift_sweep/e_high_precision_seed_r012_recall_repair --stats-root /app/Object_Detection/dynamic_quality_aware_classwise_aggregation/stats_dqa08_3_3_phase2_anti_drift_sweep/e_high_precision_seed_r012_recall_repair --phase1-rounds 0 --phase2-rounds 10 --batch-size 160 --workers 10 --gpus 2 --master-port 29784 --log-file /app/Object_Detection/dynamic_quality_aware_classwise_aggregation/logs_dqa08_3_3_phase2_anti_drift_sweep/e_high_precision_seed_r012_recall_repair_train.log --classwise-blend 0.05 --server-anchor 15.0 --temperature 3.0 --stability-lambda 0.7 --dqa-start-phase 2 --min-free-gib 30
Seeded 08_3_3 phase2 from DQA08 phase1 round 12: /app/Object_Detection/dynamic_quality_aware_classwise_aggregation/efficientteacher_dqa08_3_3_phase2_anti_drift_sweep/e_high_precision_seed_r012_recall_repair/global_checkpoints/round000_warmup.pt
DQA08_3_3 profile: phase2-only FedSTO/DQA sweep
DQA08_3_3 variant: e_high_precision_seed_r012_recall_repair
DQA08_3_3 profile mode: dqa_high_light
DQA08_3_3 seed: /app/Object_Detection/dynamic_quality_aware_classwise_aggregation/efficientteacher_dqa08_scene_tri_stage_policy_8h phase1 round 12
DQA08_3_3 client train_scope: neck_head
DQA08_3_3 residual schedule: 0.08 -> 0.005
DQA08_3_3 pseudo loss schedule: 0.3 -> 0.14 / box 0.006 -> 0.0
DQA08_3_3 dqa_start_phase: 2
{
  "manifest": {
    "paper": "Navigating Data Heterogeneity in Federated Learning: A Semi-Supervised Federated Object Detection",
    "variant": "scene clients: highway, city street, residential",
    "official_ssfod_repo": "https://github.com/Kthyeon/ssfod",
    "official_ssfod_sha": "c411d22607c07a67ef632834eb15575f1df5c5f2",
    "efficientteacher_repo": "https://github.com/AlibabaResearch/efficientteacher",
    "efficientteacher_sha": "c411d22607c07a67ef632834eb15575f1df5c5f2",
    "server": {
      "weather": "cloudy represented by BDD100K Kaggle weather='partly cloudy'",
      "train_list": "/app/Object_Detection/dynamic_quality_aware_classwise_aggregation/efficientteacher_dqa08_3_3_phase2_anti_drift_sweep/e_high_precision_seed_r012_recall_repair/data_lists/server_cloudy_train.txt",
      "val_list": "/app/Object_Detection/dynamic_quality_aware_classwise_aggregation/efficientteacher_dqa08_3_3_phase2_anti_drift_sweep/e_high_precision_seed_r012_recall_repair/data_lists/paper_eval_scene_total_val.txt",
      "source_val_list": "/app/Object_Detection/dynamic_quality_aware_classwise_aggregation/efficientteacher_dqa08_3_3_phase2_anti_drift_sweep/e_high_precision_seed_r012_recall_repair/data_lists/server_cloudy_val.txt",
      "train_images": 4881,
      "val_images": 9864,
      "source_val_images": 738,
      "validation_target": "scene_total"
    },
    "clients": [
      {
        "id": 0,
        "weather": "highway",
        "scene": "highway",
        "list": "/app/Object_Detection/dynamic_quality_aware_classwise_aggregation/efficientteacher_dqa08_3_3_phase2_anti_drift_sweep/e_high_precision_seed_r012_recall_repair/data_lists/client_0_highway_target.txt",
        "images": 5000
      },
      {
        "id": 1,
        "weather": "citystreet",
        "scene": "city street",
        "list": "/app/Object_Detection/dynamic_quality_aware_classwise_aggregation/efficientteacher_dqa08_3_3_phase2_anti_drift_sweep/e_high_precision_seed_r012_recall_repair/data_lists/client_1_citystreet_target.txt",
        "images": 5000
      },
      {
        "id": 2,
        "weather": "residential",
        "scene": "residential",
        "list": "/app/Object_Detection/dynamic_quality_aware_classwise_aggregation/efficientteacher_dqa08_3_3_phase2_anti_drift_sweep/e_high_precision_seed_r012_recall_repair/data_lists/client_2_residential_target.txt",
        "images": 5000
      }
    ],
    "paper_evaluation": {
      "splits": [
        {
          "name": "highway",
          "raw_scene": "highway",
          "list": "/app/Object_Detection/dynamic_quality_aware_classwise_aggregation/efficientteacher_dqa08_3_3_phase2_anti_drift_sweep/e_high_precision_seed_r012_recall_repair/data_lists/paper_eval_scene_highway_val.txt",
          "images": 2499,
          "boxes": 36377,
          "class_counts": {
            "car": 22337,
            "traffic sign": 9278,
            "traffic light": 2808,
            "truck": 1040,
            "person": 449,
            "bus": 309,
            "rider": 52,
            "motor": 31,
            "bike": 63,
            "train": 10
          }
        },
        {
          "name": "citystreet",
          "raw_scene": "city street",
          "list": "/app/Object_Detection/dynamic_quality_aware_classwise_aggregation/efficientteacher_dqa08_3_3_phase2_anti_drift_sweep/e_high_precision_seed_r012_recall_repair/data_lists/paper_eval_scene_citystreet_val.txt",
          "images": 6112,
          "boxes": 127178,
          "class_counts": {
            "traffic sign": 22635,
            "traffic light": 22518,
            "car": 63950,
            "rider": 546,
            "motor": 361,
            "person": 12248,
            "bus": 1229,
            "truck": 2812,
            "bike": 874,
            "train": 5
          }
        },
        {
          "name": "residential",
          "raw_scene": "residential",
          "list": "/app/Object_Detection/dynamic_quality_aware_classwise_aggregation/efficientteacher_dqa08_3_3_phase2_anti_drift_sweep/e_high_precision_seed_r012_recall_repair/data_lists/paper_eval_scene_residential_val.txt",
          "images": 1253,
          "boxes": 20855,
          "class_counts": {
            "traffic light": 1442,
            "traffic sign": 2652,
            "person": 669,
            "rider": 59,
            "bike": 101,
            "car": 15396,
            "bus": 113,
            "truck": 359,
            "motor": 64
          }
        }
      ],
      "total": {
        "name": "scene_total",
        "list": "/app/Object_Detection/dynamic_quality_aware_classwise_aggregation/efficientteacher_dqa08_3_3_phase2_anti_drift_sweep/e_high_precision_seed_r012_recall_repair/data_lists/paper_eval_scene_total_val.txt",
        "images": 9864,
        "source_splits": [
          "highway",
          "citystreet",
          "residential"
        ]
      }
    },
    "classes": [
      "person",
      "rider",
      "car",
      "bus",
      "truck",
      "bike",
      "motor",
      "traffic light",
      "traffic sign",
      "train"
    ],
    "paper_schedule": {
      "warmup_epochs": 50,
      "phase1_rounds": 100,
      "phase2_rounds": 150,
      "local_epochs": 1
    }
  },
  "configs": {
    "server_warmup": "/app/Object_Detection/dynamic_quality_aware_classwise_aggregation/efficientteacher_dqa08_3_3_phase2_anti_drift_sweep/e_high_precision_seed_r012_recall_repair/configs/server_warmup_yolov5l_bdd100k.yaml",
    "client_0_phase1": "/app/Object_Detection/dynamic_quality_aware_classwise_aggregation/efficientteacher_dqa08_3_3_phase2_anti_drift_sweep/e_high_precision_seed_r012_recall_repair/configs/client_0_highway_phase1.yaml",
    "client_0_phase2": "/app/Object_Detection/dynamic_quality_aware_classwise_aggregation/efficientteacher_dqa08_3_3_phase2_anti_drift_sweep/e_high_precision_seed_r012_recall_repair/configs/client_0_highway_phase2.yaml",
    "client_1_phase1": "/app/Object_Detection/dynamic_quality_aware_classwise_aggregation/efficientteacher_dqa08_3_3_phase2_anti_drift_sweep/e_high_precision_seed_r012_recall_repair/configs/client_1_citystreet_phase1.yaml",
    "client_1_phase2": "/app/Object_Detection/dynamic_quality_aware_classwise_aggregation/efficientteacher_dqa08_3_3_phase2_anti_drift_sweep/e_high_precision_seed_r012_recall_repair/configs/client_1_citystreet_phase2.yaml",
    "client_2_phase1": "/app/Object_Detection/dynamic_quality_aware_classwise_aggregation/efficientteacher_dqa08_3_3_phase2_anti_drift_sweep/e_high_precision_seed_r012_recall_repair/configs/client_2_residential_phase1.yaml",
    "client_2_phase2": "/app/Object_Detection/dynamic_quality_aware_classwise_aggregation/efficientteacher_dqa08_3_3_phase2_anti_drift_sweep/e_high_precision_seed_r012_recall_repair/configs/client_2_residential_phase2.yaml",
    "server_phase1": "/app/Object_Detection/dynamic_quality_aware_classwise_aggregation/efficientteacher_dqa08_3_3_phase2_anti_drift_sweep/e_high_precision_seed_r012_recall_repair/configs/server_phase1_backbone.yaml",
    "server_phase2": "/app/Object_Detection/dynamic_quality_aware_classwise_aggregation/efficientteacher_dqa08_3_3_phase2_anti_drift_sweep/e_high_precision_seed_r012_recall_repair/configs/server_phase2_orthogonal.yaml"
  }
}
Downloading https://github.com/AlibabaResearch/efficientteacher/releases/download/1.0/efficient-yolov5l.pt -> /app/Object_Detection/dynamic_quality_aware_classwise_aggregation/efficientteacher_dqa08_3_3_phase2_anti_drift_sweep/e_high_precision_seed_r012_recall_repair/weights/efficient-yolov5l.pt
Reusing completed warm-up checkpoint: /app/Object_Detection/dynamic_quality_aware_classwise_aggregation/efficientteacher_dqa08_3_3_phase2_anti_drift_sweep/e_high_precision_seed_r012_recall_repair/global_checkpoints/round000_warmup.pt
No completed DQA-CWA federated rounds found; starting from phase 1 round 1.
/root/micromamba/envs/al_yolov8/bin/python -m torch.distributed.run --nproc_per_node 2 --master_port 29784 train.py --cfg /app/Object_Detection/dynamic_quality_aware_classwise_aggregation/efficientteacher_dqa08_3_3_phase2_anti_drift_sweep/e_high_precision_seed_r012_recall_repair/configs/runtime_phase2_client_round1_dqa_phase2_round001_client0_highway.yaml
Training output appended to /app/Object_Detection/dynamic_quality_aware_classwise_aggregation/logs_dqa08_3_3_phase2_anti_drift_sweep/e_high_precision_seed_r012_recall_repair_train.log
/root/micromamba/envs/al_yolov8/bin/python -m torch.distributed.run --nproc_per_node 2 --master_port 29784 train.py --cfg /app/Object_Detection/dynamic_quality_aware_classwise_aggregation/efficientteacher_dqa08_3_3_phase2_anti_drift_sweep/e_high_precision_seed_r012_recall_repair/configs/runtime_phase2_client_round1_dqa_phase2_round001_client1_citystreet.yaml
Training output appended to /app/Object_Detection/dynamic_quality_aware_classwise_aggregation/logs_dqa08_3_3_phase2_anti_drift_sweep/e_high_precision_seed_r012_recall_repair_train.log
/root/micromamba/envs/al_yolov8/bin/python -m torch.distributed.run --nproc_per_node 2 --master_port 29784 train.py --cfg /app/Object_Detection/dynamic_quality_aware_classwise_aggregation/efficientteacher_dqa08_3_3_phase2_anti_drift_sweep/e_high_precision_seed_r012_recall_repair/configs/runtime_phase2_client_round1_dqa_phase2_round001_client2_residential.yaml
Training output appended to /app/Object_Detection/dynamic_quality_aware_classwise_aggregation/logs_dqa08_3_3_phase2_anti_drift_sweep/e_high_precision_seed_r012_recall_repair_train.log
DQA08_3_3 phase2 gate: variant=e_high_precision_seed_r012_recall_repair profile=dqa_high_light round=1 residual_blend=0.0800 min_server_alpha=0.840 classwise_blend=0.050 server_anchor=15.000
/root/micromamba/envs/al_yolov8/bin/python -m torch.distributed.run --nproc_per_node 2 --master_port 29784 train.py --cfg /app/Object_Detection/dynamic_quality_aware_classwise_aggregation/efficientteacher_dqa08_3_3_phase2_anti_drift_sweep/e_high_precision_seed_r012_recall_repair/configs/runtime_phase2_server_round1_dqa_phase2_round001_server.yaml
Training output appended to /app/Object_Detection/dynamic_quality_aware_classwise_aggregation/logs_dqa08_3_3_phase2_anti_drift_sweep/e_high_precision_seed_r012_recall_repair_train.log
Completed DQA-CWA phase 2 round 1: /app/Object_Detection/dynamic_quality_aware_classwise_aggregation/efficientteacher_dqa08_3_3_phase2_anti_drift_sweep/e_high_precision_seed_r012_recall_repair/global_checkpoints/phase2_round001_global.pt
/root/micromamba/envs/al_yolov8/bin/python -m torch.distributed.run --nproc_per_node 2 --master_port 29784 train.py --cfg /app/Object_Detection/dynamic_quality_aware_classwise_aggregation/efficientteacher_dqa08_3_3_phase2_anti_drift_sweep/e_high_precision_seed_r012_recall_repair/configs/runtime_phase2_client_round2_dqa_phase2_round002_client0_highway.yaml
Training output appended to /app/Object_Detection/dynamic_quality_aware_classwise_aggregation/logs_dqa08_3_3_phase2_anti_drift_sweep/e_high_precision_seed_r012_recall_repair_train.log
/root/micromamba/envs/al_yolov8/bin/python -m torch.distributed.run --nproc_per_node 2 --master_port 29784 train.py --cfg /app/Object_Detection/dynamic_quality_aware_classwise_aggregation/efficientteacher_dqa08_3_3_phase2_anti_drift_sweep/e_high_precision_seed_r012_recall_repair/configs/runtime_phase2_client_round2_dqa_phase2_round002_client1_citystreet.yaml
Training output appended to /app/Object_Detection/dynamic_quality_aware_classwise_aggregation/logs_dqa08_3_3_phase2_anti_drift_sweep/e_high_precision_seed_r012_recall_repair_train.log
/root/micromamba/envs/al_yolov8/bin/python -m torch.distributed.run --nproc_per_node 2 --master_port 29784 train.py --cfg /app/Object_Detection/dynamic_quality_aware_classwise_aggregation/efficientteacher_dqa08_3_3_phase2_anti_drift_sweep/e_high_precision_seed_r012_recall_repair/configs/runtime_phase2_client_round2_dqa_phase2_round002_client2_residential.yaml
Training output appended to /app/Object_Detection/dynamic_quality_aware_classwise_aggregation/logs_dqa08_3_3_phase2_anti_drift_sweep/e_high_precision_seed_r012_recall_repair_train.log
DQA08_3_3 phase2 gate: variant=e_high_precision_seed_r012_recall_repair profile=dqa_high_light round=2 residual_blend=0.0717 min_server_alpha=0.853 classwise_blend=0.050 server_anchor=15.000
/root/micromamba/envs/al_yolov8/bin/python -m torch.distributed.run --nproc_per_node 2 --master_port 29784 train.py --cfg /app/Object_Detection/dynamic_quality_aware_classwise_aggregation/efficientteacher_dqa08_3_3_phase2_anti_drift_sweep/e_high_precision_seed_r012_recall_repair/configs/runtime_phase2_server_round2_dqa_phase2_round002_server.yaml
Training output appended to /app/Object_Detection/dynamic_quality_aware_classwise_aggregation/logs_dqa08_3_3_phase2_anti_drift_sweep/e_high_precision_seed_r012_recall_repair_train.log
Completed DQA-CWA phase 2 round 2: /app/Object_Detection/dynamic_quality_aware_classwise_aggregation/efficientteacher_dqa08_3_3_phase2_anti_drift_sweep/e_high_precision_seed_r012_recall_repair/global_checkpoints/phase2_round002_global.pt
/root/micromamba/envs/al_yolov8/bin/python -m torch.distributed.run --nproc_per_node 2 --master_port 29784 train.py --cfg /app/Object_Detection/dynamic_quality_aware_classwise_aggregation/efficientteacher_dqa08_3_3_phase2_anti_drift_sweep/e_high_precision_seed_r012_recall_repair/configs/runtime_phase2_client_round3_dqa_phase2_round003_client0_highway.yaml
Training subprocess failed with exit code 1: /root/micromamba/envs/al_yolov8/bin/python -m torch.distributed.run --nproc_per_node 2 --master_port 29784 train.py --cfg /app/Object_Detection/dynamic_quality_aware_classwise_aggregation/efficientteacher_dqa08_3_3_phase2_anti_drift_sweep/e_high_precision_seed_r012_recall_repair/configs/runtime_phase2_client_round3_dqa_phase2_round003_client0_highway.yaml
Last 120 lines from /app/Object_Detection/dynamic_quality_aware_classwise_aggregation/logs_dqa08_3_3_phase2_anti_drift_sweep/e_high_precision_seed_r012_recall_repair_train.log:

       0/0     42.8G      2873       640   0.03577   0.03706  0.004912     6.219:  90%|█████████ | 28/31 [00:58<00:02,  1.13it/s]
       0/0     42.8G      2873       640   0.03577   0.03706  0.004912     6.219:  94%|█████████▎| 29/31 [00:58<00:01,  1.13it/s]/app/Object_Detection/navigating_data_heterogeneity/vendor/efficientteacher/trainer/trainer.py:439: FutureWarning: `torch.cuda.amp.autocast(args...)` is deprecated. Please use `torch.amp.autocast('cuda', args...)` instead.
  with amp.autocast(enabled=self.cuda):
/app/Object_Detection/navigating_data_heterogeneity/vendor/efficientteacher/trainer/trainer.py:439: FutureWarning: `torch.cuda.amp.autocast(args...)` is deprecated. Please use `torch.amp.autocast('cuda', args...)` instead.
  with amp.autocast(enabled=self.cuda):

       0/0     5.09G      1715       640    0.0358    0.0372  0.004939     6.126:  94%|█████████▎| 29/31 [01:31<00:01,  1.13it/s]
       0/0     5.09G      1715       640    0.0358    0.0372  0.004939     6.126:  97%|█████████▋| 30/31 [01:31<00:10, 10.58s/it]/app/Object_Detection/navigating_data_heterogeneity/vendor/efficientteacher/trainer/trainer.py:439: FutureWarning: `torch.cuda.amp.autocast(args...)` is deprecated. Please use `torch.amp.autocast('cuda', args...)` instead.
  with amp.autocast(enabled=self.cuda):

       0/0       43G      2956       640   0.03578   0.03713  0.004933     6.122:  97%|█████████▋| 30/31 [01:32<00:10, 10.58s/it]
       0/0       43G      2956       640   0.03578   0.03713  0.004933     6.122: 100%|██████████| 31/31 [01:32<00:00,  7.76s/it]
       0/0       43G      2956       640   0.03578   0.03713  0.004933     6.122: 100%|██████████| 31/31 [01:32<00:00,  2.98s/it]

               Class     Images     Labels          P          R     mAP@.5 mAP@.5:.95:   0%|          | 0/5 [00:00<?, ?it/s]/root/micromamba/envs/al_yolov8/lib/python3.10/site-packages/torch/functional.py:554: UserWarning: torch.meshgrid: in an upcoming release, it will be required to pass the indexing argument. (Triggered internally at /pytorch/aten/src/ATen/native/TensorShape.cpp:4322.)
  return _VF.meshgrid(tensors, **kwargs)  # type: ignore[attr-defined]

               Class     Images     Labels          P          R     mAP@.5 mAP@.5:.95:  20%|██        | 1/5 [00:03<00:12,  3.04s/it]
               Class     Images     Labels          P          R     mAP@.5 mAP@.5:.95:  40%|████      | 2/5 [00:03<00:04,  1.62s/it]
               Class     Images     Labels          P          R     mAP@.5 mAP@.5:.95:  60%|██████    | 3/5 [00:04<00:02,  1.15s/it]
               Class     Images     Labels          P          R     mAP@.5 mAP@.5:.95:  80%|████████  | 4/5 [00:04<00:00,  1.08it/s]
               Class     Images     Labels          P          R     mAP@.5 mAP@.5:.95: 100%|██████████| 5/5 [00:06<00:00,  1.11s/it]
               Class     Images     Labels          P          R     mAP@.5 mAP@.5:.95: 100%|██████████| 5/5 [00:06<00:00,  1.25s/it]
                 all        738      14937      0.581      0.369      0.398      0.228
Optimizer stripped from /app/Object_Detection/dynamic_quality_aware_classwise_aggregation/efficientteacher_dqa08_3_3_phase2_anti_drift_sweep/e_high_precision_seed_r012_recall_repair/runs/dqa_phase2_round002_server/weights/last.pt, 93.0MB
Optimizer stripped from /app/Object_Detection/dynamic_quality_aware_classwise_aggregation/efficientteacher_dqa08_3_3_phase2_anti_drift_sweep/e_high_precision_seed_r012_recall_repair/runs/dqa_phase2_round002_server/weights/best.pt, 93.0MB

Validating /app/Object_Detection/dynamic_quality_aware_classwise_aggregation/efficientteacher_dqa08_3_3_phase2_anti_drift_sweep/e_high_precision_seed_r012_recall_repair/runs/dqa_phase2_round002_server/weights/best.pt...
Fusing layers...
Model summary: 365 layers, 46156743 parameters, 0 gradients

               Class     Images     Labels          P          R     mAP@.5 mAP@.5:.95:   0%|          | 0/5 [00:00<?, ?it/s]
               Class     Images     Labels          P          R     mAP@.5 mAP@.5:.95:  20%|██        | 1/5 [00:00<00:03,  1.14it/s]
               Class     Images     Labels          P          R     mAP@.5 mAP@.5:.95:  40%|████      | 2/5 [00:01<00:03,  1.02s/it]
               Class     Images     Labels          P          R     mAP@.5 mAP@.5:.95:  60%|██████    | 3/5 [00:03<00:02,  1.04s/it]
               Class     Images     Labels          P          R     mAP@.5 mAP@.5:.95:  80%|████████  | 4/5 [00:04<00:01,  1.07s/it]
               Class     Images     Labels          P          R     mAP@.5 mAP@.5:.95: 100%|██████████| 5/5 [00:04<00:00,  1.14it/s]
               Class     Images     Labels          P          R     mAP@.5 mAP@.5:.95: 100%|██████████| 5/5 [00:04<00:00,  1.06it/s]
                 all        738      14937      0.564      0.371      0.396      0.228
                   0        738       1052      0.623      0.512      0.535      0.248
                   1        738         44      0.443     0.0909      0.176     0.0849
                   2        738       8622      0.744      0.705      0.754      0.484
                   3        738        151      0.548      0.411      0.438      0.341
                   4        738        467      0.523      0.557      0.548       0.39
                   5        738         70      0.364      0.314      0.233      0.132
                   6        738         65     0.0842    0.00907     0.0982     0.0491
                   7        738       1619      0.634      0.557      0.594      0.244
                   8        738       2845      0.677      0.558      0.586       0.31
                   9        738          2          1          0   0.000172   0.000172
Results saved to [1m/app/Object_Detection/dynamic_quality_aware_classwise_aggregation/efficientteacher_dqa08_3_3_phase2_anti_drift_sweep/e_high_precision_seed_r012_recall_repair/runs/dqa_phase2_round002_server[0m

1 epochs completed in 0.031 hours.
Destroying process group...
[rank0]:[W502 22:10:25.535224153 ProcessGroupNCCL.cpp:1538] Warning: WARNING: destroy_process_group() was not called before program exit, which can leak resources. For more info, please see https://pytorch.org/docs/stable/distributed.html#shutdown (function operator())

====================================================================================================
/root/micromamba/envs/al_yolov8/bin/python -m torch.distributed.run --nproc_per_node 2 --master_port 29784 train.py --cfg /app/Object_Detection/dynamic_quality_aware_classwise_aggregation/efficientteacher_dqa08_3_3_phase2_anti_drift_sweep/e_high_precision_seed_r012_recall_repair/configs/runtime_phase2_client_round3_dqa_phase2_round003_client0_highway.yaml

*****************************************
Setting OMP_NUM_THREADS environment variable for each process to be 1 in default, to avoid your system being overloaded, please further tune the variable for optimal performance in your application as needed.
*****************************************
/root/micromamba/envs/al_yolov8/lib/python3.10/site-packages/torch/cuda/__init__.py:829: UserWarning: Can't initialize NVML
  warnings.warn("Can't initialize NVML")
Traceback (most recent call last):
  File "/app/Object_Detection/navigating_data_heterogeneity/vendor/efficientteacher/train.py", line 84, in <module>
    main(opt)
  File "/app/Object_Detection/navigating_data_heterogeneity/vendor/efficientteacher/train.py", line 69, in main
    device = setup(cfg)
  File "/app/Object_Detection/navigating_data_heterogeneity/vendor/efficientteacher/train.py", line 53, in setup
    assert torch.cuda.device_count() > LOCAL_RANK, 'insufficient CUDA devices for DDP command'
AssertionError: insufficient CUDA devices for DDP command
[34m[1mtrain: [0m__immutable__=False, __deprecated_keys__=set(), __renamed_keys__={}, __new_allowed__=False
EfficientTeacher  c411d22 torch 2.8.0+cu128 CPU

/root/micromamba/envs/al_yolov8/lib/python3.10/site-packages/torch/cuda/__init__.py:829: UserWarning: Can't initialize NVML
  warnings.warn("Can't initialize NVML")
Traceback (most recent call last):
  File "/app/Object_Detection/navigating_data_heterogeneity/vendor/efficientteacher/train.py", line 84, in <module>
    main(opt)
  File "/app/Object_Detection/navigating_data_heterogeneity/vendor/efficientteacher/train.py", line 69, in main
    device = setup(cfg)
  File "/app/Object_Detection/navigating_data_heterogeneity/vendor/efficientteacher/train.py", line 53, in setup
    assert torch.cuda.device_count() > LOCAL_RANK, 'insufficient CUDA devices for DDP command'
AssertionError: insufficient CUDA devices for DDP command
W0502 22:10:33.221000 3307179 site-packages/torch/distributed/elastic/multiprocessing/api.py:900] Sending process 3307207 closing signal SIGTERM
E0502 22:10:33.286000 3307179 site-packages/torch/distributed/elastic/multiprocessing/api.py:874] failed (exitcode: 1) local_rank: 1 (pid: 3307208) of binary: /root/micromamba/envs/al_yolov8/bin/python
Traceback (most recent call last):
  File "/root/micromamba/envs/al_yolov8/lib/python3.10/runpy.py", line 196, in _run_module_as_main
    return _run_code(code, main_globals, None,
  File "/root/micromamba/envs/al_yolov8/lib/python3.10/runpy.py", line 86, in _run_code
    exec(code, run_globals)
  File "/root/micromamba/envs/al_yolov8/lib/python3.10/site-packages/torch/distributed/run.py", line 905, in <module>
    main()
  File "/root/micromamba/envs/al_yolov8/lib/python3.10/site-packages/torch/distributed/elastic/multiprocessing/errors/__init__.py", line 357, in wrapper
    return f(*args, **kwargs)
  File "/root/micromamba/envs/al_yolov8/lib/python3.10/site-packages/torch/distributed/run.py", line 901, in main
    run(args)
  File "/root/micromamba/envs/al_yolov8/lib/python3.10/site-packages/torch/distributed/run.py", line 892, in run
    elastic_launch(
  File "/root/micromamba/envs/al_yolov8/lib/python3.10/site-packages/torch/distributed/launcher/api.py", line 143, in __call__
    return launch_agent(self._config, self._entrypoint, list(args))
  File "/root/micromamba/envs/al_yolov8/lib/python3.10/site-packages/torch/distributed/launcher/api.py", line 277, in launch_agent
    raise ChildFailedError(
torch.distributed.elastic.multiprocessing.errors.ChildFailedError:
============================================================
train.py FAILED
------------------------------------------------------------
Failures:
  <NO_OTHER_FAILURES>
------------------------------------------------------------
Root Cause (first observed failure):
[0]:
  time      : 2026-05-02_22:10:33
  host      : e4b790bf3a37
  rank      : 1 (local_rank: 1)
  exitcode  : 1 (pid: 3307208)
  error_file: <N/A>
  traceback : To enable traceback see: https://pytorch.org/docs/stable/elastic/errors.html
============================================================
Traceback (most recent call last):
  File "/app/Object_Detection/dynamic_quality_aware_classwise_aggregation/run_dqa_cwa_fedsto.py", line 261, in run_train
    raise subprocess.CalledProcessError(return_code, cmd)
subprocess.CalledProcessError: Command '['/root/micromamba/envs/al_yolov8/bin/python', '-m', 'torch.distributed.run', '--nproc_per_node', '2', '--master_port', '29784', 'train.py', '--cfg', '/app/Object_Detection/dynamic_quality_aware_classwise_aggregation/efficientteacher_dqa08_3_3_phase2_anti_drift_sweep/e_high_precision_seed_r012_recall_repair/configs/runtime_phase2_client_round3_dqa_phase2_round003_client0_highway.yaml']' returned non-zero exit status 1.

The above exception was the direct cause of the following exception:

Traceback (most recent call last):
  File "/app/Object_Detection/dynamic_quality_aware_classwise_aggregation/run_dqa_cwa_fedsto_scene_v2_phase2_anti_drift_sweep.py", line 460, in <module>
    main()
  File "/app/Object_Detection/dynamic_quality_aware_classwise_aggregation/run_dqa_cwa_fedsto_scene_v2_phase2_anti_drift_sweep.py", line 456, in main
    base.run_protocol(parsed)
  File "/app/Object_Detection/dynamic_quality_aware_classwise_aggregation/run_dqa_cwa_fedsto.py", line 627, in run_protocol
    ckpt = run_train(fedsto, cfg, args, extra_env=extra_env)
  File "/app/Object_Detection/dynamic_quality_aware_classwise_aggregation/run_dqa_cwa_fedsto_scene_v2_phase2_anti_drift_sweep.py", line 316, in _sweep_run_train
    return _ORIGINAL_RUN_TRAIN(fedsto, config, args, extra_env=env or None)
  File "/app/Object_Detection/dynamic_quality_aware_classwise_aggregation/run_dqa_cwa_fedsto_scene_v2_tri_stage_policy.py", line 489, in _tri_stage_run_train
    return _ORIGINAL_RUN_TRAIN(fedsto, config, args, extra_env=env or None)
  File "/app/Object_Detection/dynamic_quality_aware_classwise_aggregation/run_dqa_cwa_fedsto.py", line 278, in run_train
    raise RuntimeError(f"Training failed for {config}; see {args.log_file}") from exc
RuntimeError: Training failed for /app/Object_Detection/dynamic_quality_aware_classwise_aggregation/efficientteacher_dqa08_3_3_phase2_anti_drift_sweep/e_high_precision_seed_r012_recall_repair/configs/runtime_phase2_client_round3_dqa_phase2_round003_client0_highway.yaml; see /app/Object_Detection/dynamic_quality_aware_classwise_aggregation/logs_dqa08_3_3_phase2_anti_drift_sweep/e_high_precision_seed_r012_recall_repair_train.log
