
====================================================================================================
/root/micromamba/envs/al_yolov8/bin/python /app/Object_Detection/dynamic_quality_aware_classwise_aggregation/run_dqa_cwa_fedsto_scene_v2_phase2_fedsto_dqa_sweep.py --workspace-root /app/Object_Detection/dynamic_quality_aware_classwise_aggregation/efficientteacher_dqa08_3_2_phase2_fedsto_dqa_sweep/c_dqa_high_light_head_r003 --stats-root /app/Object_Detection/dynamic_quality_aware_classwise_aggregation/stats_dqa08_3_2_phase2_fedsto_dqa_sweep/c_dqa_high_light_head_r003 --phase1-rounds 0 --phase2-rounds 10 --batch-size 160 --workers 10 --gpus 2 --master-port 29722 --log-file /app/Object_Detection/dynamic_quality_aware_classwise_aggregation/logs_dqa08_3_2_phase2_fedsto_dqa_sweep/c_dqa_high_light_head_r003_train.log --classwise-blend 0.08 --server-anchor 8.0 --temperature 2.2 --stability-lambda 0.45 --dqa-start-phase 2 --min-free-gib 30
Seeded 08_3_2 phase2 from DQA08 phase1 round 3: /app/Object_Detection/dynamic_quality_aware_classwise_aggregation/efficientteacher_dqa08_3_2_phase2_fedsto_dqa_sweep/c_dqa_high_light_head_r003/global_checkpoints/round000_warmup.pt
DQA08_3_2 profile: phase2-only FedSTO/DQA sweep
DQA08_3_2 variant: c_dqa_high_light_head_r003
DQA08_3_2 profile mode: dqa_high_light
DQA08_3_2 seed: /app/Object_Detection/dynamic_quality_aware_classwise_aggregation/efficientteacher_dqa08_scene_tri_stage_policy_8h phase1 round 3
DQA08_3_2 client train_scope: all
DQA08_3_2 residual schedule: 0.12 -> 0.04
DQA08_3_2 dqa_start_phase: 2
{
  "manifest": {
    "paper": "Navigating Data Heterogeneity in Federated Learning: A Semi-Supervised Federated Object Detection",
    "variant": "scene clients: highway, city street, residential",
    "official_ssfod_repo": "https://github.com/Kthyeon/ssfod",
    "official_ssfod_sha": "c411d22607c07a67ef632834eb15575f1df5c5f2",
    "efficientteacher_repo": "https://github.com/AlibabaResearch/efficientteacher",
    "efficientteacher_sha": "c411d22607c07a67ef632834eb15575f1df5c5f2",
    "server": {
      "weather": "cloudy represented by BDD100K Kaggle weather='partly cloudy'",
      "train_list": "/app/Object_Detection/dynamic_quality_aware_classwise_aggregation/efficientteacher_dqa08_3_2_phase2_fedsto_dqa_sweep/c_dqa_high_light_head_r003/data_lists/server_cloudy_train.txt",
      "val_list": "/app/Object_Detection/dynamic_quality_aware_classwise_aggregation/efficientteacher_dqa08_3_2_phase2_fedsto_dqa_sweep/c_dqa_high_light_head_r003/data_lists/paper_eval_scene_total_val.txt",
      "source_val_list": "/app/Object_Detection/dynamic_quality_aware_classwise_aggregation/efficientteacher_dqa08_3_2_phase2_fedsto_dqa_sweep/c_dqa_high_light_head_r003/data_lists/server_cloudy_val.txt",
      "train_images": 4881,
      "val_images": 9864,
      "source_val_images": 738,
      "validation_target": "scene_total"
    },
    "clients": [
      {
        "id": 0,
        "weather": "highway",
        "scene": "highway",
        "list": "/app/Object_Detection/dynamic_quality_aware_classwise_aggregation/efficientteacher_dqa08_3_2_phase2_fedsto_dqa_sweep/c_dqa_high_light_head_r003/data_lists/client_0_highway_target.txt",
        "images": 5000
      },
      {
        "id": 1,
        "weather": "citystreet",
        "scene": "city street",
        "list": "/app/Object_Detection/dynamic_quality_aware_classwise_aggregation/efficientteacher_dqa08_3_2_phase2_fedsto_dqa_sweep/c_dqa_high_light_head_r003/data_lists/client_1_citystreet_target.txt",
        "images": 5000
      },
      {
        "id": 2,
        "weather": "residential",
        "scene": "residential",
        "list": "/app/Object_Detection/dynamic_quality_aware_classwise_aggregation/efficientteacher_dqa08_3_2_phase2_fedsto_dqa_sweep/c_dqa_high_light_head_r003/data_lists/client_2_residential_target.txt",
        "images": 5000
      }
    ],
    "paper_evaluation": {
      "splits": [
        {
          "name": "highway",
          "raw_scene": "highway",
          "list": "/app/Object_Detection/dynamic_quality_aware_classwise_aggregation/efficientteacher_dqa08_3_2_phase2_fedsto_dqa_sweep/c_dqa_high_light_head_r003/data_lists/paper_eval_scene_highway_val.txt",
          "images": 2499,
          "boxes": 36377,
          "class_counts": {
            "car": 22337,
            "traffic sign": 9278,
            "traffic light": 2808,
            "truck": 1040,
            "person": 449,
            "bus": 309,
            "rider": 52,
            "motor": 31,
            "bike": 63,
            "train": 10
          }
        },
        {
          "name": "citystreet",
          "raw_scene": "city street",
          "list": "/app/Object_Detection/dynamic_quality_aware_classwise_aggregation/efficientteacher_dqa08_3_2_phase2_fedsto_dqa_sweep/c_dqa_high_light_head_r003/data_lists/paper_eval_scene_citystreet_val.txt",
          "images": 6112,
          "boxes": 127178,
          "class_counts": {
            "traffic sign": 22635,
            "traffic light": 22518,
            "car": 63950,
            "rider": 546,
            "motor": 361,
            "person": 12248,
            "bus": 1229,
            "truck": 2812,
            "bike": 874,
            "train": 5
          }
        },
        {
          "name": "residential",
          "raw_scene": "residential",
          "list": "/app/Object_Detection/dynamic_quality_aware_classwise_aggregation/efficientteacher_dqa08_3_2_phase2_fedsto_dqa_sweep/c_dqa_high_light_head_r003/data_lists/paper_eval_scene_residential_val.txt",
          "images": 1253,
          "boxes": 20855,
          "class_counts": {
            "traffic light": 1442,
            "traffic sign": 2652,
            "person": 669,
            "rider": 59,
            "bike": 101,
            "car": 15396,
            "bus": 113,
            "truck": 359,
            "motor": 64
          }
        }
      ],
      "total": {
        "name": "scene_total",
        "list": "/app/Object_Detection/dynamic_quality_aware_classwise_aggregation/efficientteacher_dqa08_3_2_phase2_fedsto_dqa_sweep/c_dqa_high_light_head_r003/data_lists/paper_eval_scene_total_val.txt",
        "images": 9864,
        "source_splits": [
          "highway",
          "citystreet",
          "residential"
        ]
      }
    },
    "classes": [
      "person",
      "rider",
      "car",
      "bus",
      "truck",
      "bike",
      "motor",
      "traffic light",
      "traffic sign",
      "train"
    ],
    "paper_schedule": {
      "warmup_epochs": 50,
      "phase1_rounds": 100,
      "phase2_rounds": 150,
      "local_epochs": 1
    }
  },
  "configs": {
    "server_warmup": "/app/Object_Detection/dynamic_quality_aware_classwise_aggregation/efficientteacher_dqa08_3_2_phase2_fedsto_dqa_sweep/c_dqa_high_light_head_r003/configs/server_warmup_yolov5l_bdd100k.yaml",
    "client_0_phase1": "/app/Object_Detection/dynamic_quality_aware_classwise_aggregation/efficientteacher_dqa08_3_2_phase2_fedsto_dqa_sweep/c_dqa_high_light_head_r003/configs/client_0_highway_phase1.yaml",
    "client_0_phase2": "/app/Object_Detection/dynamic_quality_aware_classwise_aggregation/efficientteacher_dqa08_3_2_phase2_fedsto_dqa_sweep/c_dqa_high_light_head_r003/configs/client_0_highway_phase2.yaml",
    "client_1_phase1": "/app/Object_Detection/dynamic_quality_aware_classwise_aggregation/efficientteacher_dqa08_3_2_phase2_fedsto_dqa_sweep/c_dqa_high_light_head_r003/configs/client_1_citystreet_phase1.yaml",
    "client_1_phase2": "/app/Object_Detection/dynamic_quality_aware_classwise_aggregation/efficientteacher_dqa08_3_2_phase2_fedsto_dqa_sweep/c_dqa_high_light_head_r003/configs/client_1_citystreet_phase2.yaml",
    "client_2_phase1": "/app/Object_Detection/dynamic_quality_aware_classwise_aggregation/efficientteacher_dqa08_3_2_phase2_fedsto_dqa_sweep/c_dqa_high_light_head_r003/configs/client_2_residential_phase1.yaml",
    "client_2_phase2": "/app/Object_Detection/dynamic_quality_aware_classwise_aggregation/efficientteacher_dqa08_3_2_phase2_fedsto_dqa_sweep/c_dqa_high_light_head_r003/configs/client_2_residential_phase2.yaml",
    "server_phase1": "/app/Object_Detection/dynamic_quality_aware_classwise_aggregation/efficientteacher_dqa08_3_2_phase2_fedsto_dqa_sweep/c_dqa_high_light_head_r003/configs/server_phase1_backbone.yaml",
    "server_phase2": "/app/Object_Detection/dynamic_quality_aware_classwise_aggregation/efficientteacher_dqa08_3_2_phase2_fedsto_dqa_sweep/c_dqa_high_light_head_r003/configs/server_phase2_orthogonal.yaml"
  }
}
Downloading https://github.com/AlibabaResearch/efficientteacher/releases/download/1.0/efficient-yolov5l.pt -> /app/Object_Detection/dynamic_quality_aware_classwise_aggregation/efficientteacher_dqa08_3_2_phase2_fedsto_dqa_sweep/c_dqa_high_light_head_r003/weights/efficient-yolov5l.pt
Reusing completed warm-up checkpoint: /app/Object_Detection/dynamic_quality_aware_classwise_aggregation/efficientteacher_dqa08_3_2_phase2_fedsto_dqa_sweep/c_dqa_high_light_head_r003/global_checkpoints/round000_warmup.pt
No completed DQA-CWA federated rounds found; starting from phase 1 round 1.
/root/micromamba/envs/al_yolov8/bin/python -m torch.distributed.run --nproc_per_node 2 --master_port 29722 train.py --cfg /app/Object_Detection/dynamic_quality_aware_classwise_aggregation/efficientteacher_dqa08_3_2_phase2_fedsto_dqa_sweep/c_dqa_high_light_head_r003/configs/runtime_phase2_client_round1_dqa_phase2_round001_client0_highway.yaml
Training subprocess failed with exit code 1: /root/micromamba/envs/al_yolov8/bin/python -m torch.distributed.run --nproc_per_node 2 --master_port 29722 train.py --cfg /app/Object_Detection/dynamic_quality_aware_classwise_aggregation/efficientteacher_dqa08_3_2_phase2_fedsto_dqa_sweep/c_dqa_high_light_head_r003/configs/runtime_phase2_client_round1_dqa_phase2_round001_client0_highway.yaml
Last 120 lines from /app/Object_Detection/dynamic_quality_aware_classwise_aggregation/logs_dqa08_3_2_phase2_fedsto_dqa_sweep/c_dqa_high_light_head_r003_train.log:

====================================================================================================
/root/micromamba/envs/al_yolov8/bin/python -m torch.distributed.run --nproc_per_node 2 --master_port 29722 train.py --cfg /app/Object_Detection/dynamic_quality_aware_classwise_aggregation/efficientteacher_dqa08_3_2_phase2_fedsto_dqa_sweep/c_dqa_high_light_head_r003/configs/runtime_phase2_client_round1_dqa_phase2_round001_client0_highway.yaml

*****************************************
Setting OMP_NUM_THREADS environment variable for each process to be 1 in default, to avoid your system being overloaded, please further tune the variable for optimal performance in your application as needed.
*****************************************
Traceback (most recent call last):
  File "/app/Object_Detection/navigating_data_heterogeneity/vendor/efficientteacher/train.py", line 84, in <module>
    main(opt)
  File "/app/Object_Detection/navigating_data_heterogeneity/vendor/efficientteacher/train.py", line 66, in main
    cfg.merge_from_file(opt.cfg)
  File "/app/Object_Detection/navigating_data_heterogeneity/vendor/efficientteacher/configs/yacs.py", line 209, in merge_from_file
    self.merge_from_other_cfg(cfg)
  File "/app/Object_Detection/navigating_data_heterogeneity/vendor/efficientteacher/configs/yacs.py", line 213, in merge_from_other_cfg
    _merge_a_into_b(cfg_other, self, self, [])
  File "/app/Object_Detection/navigating_data_heterogeneity/vendor/efficientteacher/configs/yacs.py", line 460, in _merge_a_into_b
    _merge_a_into_b(v, b[k], root, key_list + [k])
  File "/app/Object_Detection/navigating_data_heterogeneity/vendor/efficientteacher/configs/yacs.py", line 473, in _merge_a_into_b
    raise KeyError("Non-existent config key: {}".format(full_key))
KeyError: 'Non-existent config key: SSOD.ignore_thres_mid'
Traceback (most recent call last):
  File "/app/Object_Detection/navigating_data_heterogeneity/vendor/efficientteacher/train.py", line 84, in <module>
    main(opt)
  File "/app/Object_Detection/navigating_data_heterogeneity/vendor/efficientteacher/train.py", line 66, in main
    cfg.merge_from_file(opt.cfg)
  File "/app/Object_Detection/navigating_data_heterogeneity/vendor/efficientteacher/configs/yacs.py", line 209, in merge_from_file
    self.merge_from_other_cfg(cfg)
  File "/app/Object_Detection/navigating_data_heterogeneity/vendor/efficientteacher/configs/yacs.py", line 213, in merge_from_other_cfg
    _merge_a_into_b(cfg_other, self, self, [])
  File "/app/Object_Detection/navigating_data_heterogeneity/vendor/efficientteacher/configs/yacs.py", line 460, in _merge_a_into_b
    _merge_a_into_b(v, b[k], root, key_list + [k])
  File "/app/Object_Detection/navigating_data_heterogeneity/vendor/efficientteacher/configs/yacs.py", line 473, in _merge_a_into_b
    raise KeyError("Non-existent config key: {}".format(full_key))
KeyError: 'Non-existent config key: SSOD.ignore_thres_mid'
W0502 09:27:56.496000 2606586 site-packages/torch/distributed/elastic/multiprocessing/api.py:900] Sending process 2606615 closing signal SIGTERM
E0502 09:27:56.529000 2606586 site-packages/torch/distributed/elastic/multiprocessing/api.py:874] failed (exitcode: 1) local_rank: 0 (pid: 2606614) of binary: /root/micromamba/envs/al_yolov8/bin/python
Traceback (most recent call last):
  File "/root/micromamba/envs/al_yolov8/lib/python3.10/runpy.py", line 196, in _run_module_as_main
    return _run_code(code, main_globals, None,
  File "/root/micromamba/envs/al_yolov8/lib/python3.10/runpy.py", line 86, in _run_code
    exec(code, run_globals)
  File "/root/micromamba/envs/al_yolov8/lib/python3.10/site-packages/torch/distributed/run.py", line 905, in <module>
    main()
  File "/root/micromamba/envs/al_yolov8/lib/python3.10/site-packages/torch/distributed/elastic/multiprocessing/errors/__init__.py", line 357, in wrapper
    return f(*args, **kwargs)
  File "/root/micromamba/envs/al_yolov8/lib/python3.10/site-packages/torch/distributed/run.py", line 901, in main
    run(args)
  File "/root/micromamba/envs/al_yolov8/lib/python3.10/site-packages/torch/distributed/run.py", line 892, in run
    elastic_launch(
  File "/root/micromamba/envs/al_yolov8/lib/python3.10/site-packages/torch/distributed/launcher/api.py", line 143, in __call__
    return launch_agent(self._config, self._entrypoint, list(args))
  File "/root/micromamba/envs/al_yolov8/lib/python3.10/site-packages/torch/distributed/launcher/api.py", line 277, in launch_agent
    raise ChildFailedError(
torch.distributed.elastic.multiprocessing.errors.ChildFailedError:
============================================================
train.py FAILED
------------------------------------------------------------
Failures:
  <NO_OTHER_FAILURES>
------------------------------------------------------------
Root Cause (first observed failure):
[0]:
  time      : 2026-05-02_09:27:56
  host      : e4b790bf3a37
  rank      : 0 (local_rank: 0)
  exitcode  : 1 (pid: 2606614)
  error_file: <N/A>
  traceback : To enable traceback see: https://pytorch.org/docs/stable/elastic/errors.html
============================================================
Traceback (most recent call last):
  File "/app/Object_Detection/dynamic_quality_aware_classwise_aggregation/run_dqa_cwa_fedsto.py", line 261, in run_train
    raise subprocess.CalledProcessError(return_code, cmd)
subprocess.CalledProcessError: Command '['/root/micromamba/envs/al_yolov8/bin/python', '-m', 'torch.distributed.run', '--nproc_per_node', '2', '--master_port', '29722', 'train.py', '--cfg', '/app/Object_Detection/dynamic_quality_aware_classwise_aggregation/efficientteacher_dqa08_3_2_phase2_fedsto_dqa_sweep/c_dqa_high_light_head_r003/configs/runtime_phase2_client_round1_dqa_phase2_round001_client0_highway.yaml']' returned non-zero exit status 1.

The above exception was the direct cause of the following exception:

Traceback (most recent call last):
  File "/app/Object_Detection/dynamic_quality_aware_classwise_aggregation/run_dqa_cwa_fedsto_scene_v2_phase2_fedsto_dqa_sweep.py", line 350, in <module>
    main()
  File "/app/Object_Detection/dynamic_quality_aware_classwise_aggregation/run_dqa_cwa_fedsto_scene_v2_phase2_fedsto_dqa_sweep.py", line 346, in main
    base.run_protocol(parsed)
  File "/app/Object_Detection/dynamic_quality_aware_classwise_aggregation/run_dqa_cwa_fedsto.py", line 627, in run_protocol
    ckpt = run_train(fedsto, cfg, args, extra_env=extra_env)
  File "/app/Object_Detection/dynamic_quality_aware_classwise_aggregation/run_dqa_cwa_fedsto_scene_v2_tri_stage_policy.py", line 489, in _tri_stage_run_train
    return _ORIGINAL_RUN_TRAIN(fedsto, config, args, extra_env=env or None)
  File "/app/Object_Detection/dynamic_quality_aware_classwise_aggregation/run_dqa_cwa_fedsto.py", line 278, in run_train
    raise RuntimeError(f"Training failed for {config}; see {args.log_file}") from exc
RuntimeError: Training failed for /app/Object_Detection/dynamic_quality_aware_classwise_aggregation/efficientteacher_dqa08_3_2_phase2_fedsto_dqa_sweep/c_dqa_high_light_head_r003/configs/runtime_phase2_client_round1_dqa_phase2_round001_client0_highway.yaml; see /app/Object_Detection/dynamic_quality_aware_classwise_aggregation/logs_dqa08_3_2_phase2_fedsto_dqa_sweep/c_dqa_high_light_head_r003_train.log

====================================================================================================
/root/micromamba/envs/al_yolov8/bin/python /app/Object_Detection/dynamic_quality_aware_classwise_aggregation/run_dqa_cwa_fedsto_scene_v2_phase2_fedsto_dqa_sweep.py --workspace-root /app/Object_Detection/dynamic_quality_aware_classwise_aggregation/efficientteacher_dqa08_3_2_phase2_fedsto_dqa_sweep/c_dqa_high_light_head_r003 --stats-root /app/Object_Detection/dynamic_quality_aware_classwise_aggregation/stats_dqa08_3_2_phase2_fedsto_dqa_sweep/c_dqa_high_light_head_r003 --phase1-rounds 0 --phase2-rounds 10 --batch-size 160 --workers 10 --gpus 2 --master-port 29722 --log-file /app/Object_Detection/dynamic_quality_aware_classwise_aggregation/logs_dqa08_3_2_phase2_fedsto_dqa_sweep/c_dqa_high_light_head_r003_train.log --classwise-blend 0.08 --server-anchor 8.0 --temperature 2.2 --stability-lambda 0.45 --dqa-start-phase 2 --min-free-gib 30
Reusing 08_3_2 phase2 seed checkpoint: /app/Object_Detection/dynamic_quality_aware_classwise_aggregation/efficientteacher_dqa08_3_2_phase2_fedsto_dqa_sweep/c_dqa_high_light_head_r003/global_checkpoints/round000_warmup.pt
DQA08_3_2 profile: phase2-only FedSTO/DQA sweep
DQA08_3_2 variant: c_dqa_high_light_head_r003
DQA08_3_2 profile mode: dqa_high_light
DQA08_3_2 seed: /app/Object_Detection/dynamic_quality_aware_classwise_aggregation/efficientteacher_dqa08_scene_tri_stage_policy_8h phase1 round 3
DQA08_3_2 client train_scope: all
DQA08_3_2 residual schedule: 0.12 -> 0.04
DQA08_3_2 dqa_start_phase: 2
{
  "manifest": {
    "paper": "Navigating Data Heterogeneity in Federated Learning: A Semi-Supervised Federated Object Detection",
    "variant": "scene clients: highway, city street, residential",
    "official_ssfod_repo": "https://github.com/Kthyeon/ssfod",
    "official_ssfod_sha": "c411d22607c07a67ef632834eb15575f1df5c5f2",
    "efficientteacher_repo": "https://github.com/AlibabaResearch/efficientteacher",
    "efficientteacher_sha": "c411d22607c07a67ef632834eb15575f1df5c5f2",
    "server": {
      "weather": "cloudy represented by BDD100K Kaggle weather='partly cloudy'",
      "train_list": "/app/Object_Detection/dynamic_quality_aware_classwise_aggregation/efficientteacher_dqa08_3_2_phase2_fedsto_dqa_sweep/c_dqa_high_light_head_r003/data_lists/server_cloudy_train.txt",
      "val_list": "/app/Object_Detection/dynamic_quality_aware_classwise_aggregation/efficientteacher_dqa08_3_2_phase2_fedsto_dqa_sweep/c_dqa_high_light_head_r003/data_lists/paper_eval_scene_total_val.txt",
      "source_val_list": "/app/Object_Detection/dynamic_quality_aware_classwise_aggregation/efficientteacher_dqa08_3_2_phase2_fedsto_dqa_sweep/c_dqa_high_light_head_r003/data_lists/server_cloudy_val.txt",
      "train_images": 4881,
      "val_images": 9864,
      "source_val_images": 738,
      "validation_target": "scene_total"
    },
    "clients": [
      {
        "id": 0,
        "weather": "highway",
        "scene": "highway",
        "list": "/app/Object_Detection/dynamic_quality_aware_classwise_aggregation/efficientteacher_dqa08_3_2_phase2_fedsto_dqa_sweep/c_dqa_high_light_head_r003/data_lists/client_0_highway_target.txt",
        "images": 5000
      },
      {
        "id": 1,
        "weather": "citystreet",
        "scene": "city street",
        "list": "/app/Object_Detection/dynamic_quality_aware_classwise_aggregation/efficientteacher_dqa08_3_2_phase2_fedsto_dqa_sweep/c_dqa_high_light_head_r003/data_lists/client_1_citystreet_target.txt",
        "images": 5000
      },
      {
        "id": 2,
        "weather": "residential",
        "scene": "residential",
        "list": "/app/Object_Detection/dynamic_quality_aware_classwise_aggregation/efficientteacher_dqa08_3_2_phase2_fedsto_dqa_sweep/c_dqa_high_light_head_r003/data_lists/client_2_residential_target.txt",
        "images": 5000
      }
    ],
    "paper_evaluation": {
      "splits": [
        {
          "name": "highway",
          "raw_scene": "highway",
          "list": "/app/Object_Detection/dynamic_quality_aware_classwise_aggregation/efficientteacher_dqa08_3_2_phase2_fedsto_dqa_sweep/c_dqa_high_light_head_r003/data_lists/paper_eval_scene_highway_val.txt",
          "images": 2499,
          "boxes": 36377,
          "class_counts": {
            "car": 22337,
            "traffic sign": 9278,
            "traffic light": 2808,
            "truck": 1040,
            "person": 449,
            "bus": 309,
            "rider": 52,
            "motor": 31,
            "bike": 63,
            "train": 10
          }
        },
        {
          "name": "citystreet",
          "raw_scene": "city street",
          "list": "/app/Object_Detection/dynamic_quality_aware_classwise_aggregation/efficientteacher_dqa08_3_2_phase2_fedsto_dqa_sweep/c_dqa_high_light_head_r003/data_lists/paper_eval_scene_citystreet_val.txt",
          "images": 6112,
          "boxes": 127178,
          "class_counts": {
            "traffic sign": 22635,
            "traffic light": 22518,
            "car": 63950,
            "rider": 546,
            "motor": 361,
            "person": 12248,
            "bus": 1229,
            "truck": 2812,
            "bike": 874,
            "train": 5
          }
        },
        {
          "name": "residential",
          "raw_scene": "residential",
          "list": "/app/Object_Detection/dynamic_quality_aware_classwise_aggregation/efficientteacher_dqa08_3_2_phase2_fedsto_dqa_sweep/c_dqa_high_light_head_r003/data_lists/paper_eval_scene_residential_val.txt",
          "images": 1253,
          "boxes": 20855,
          "class_counts": {
            "traffic light": 1442,
            "traffic sign": 2652,
            "person": 669,
            "rider": 59,
            "bike": 101,
            "car": 15396,
            "bus": 113,
            "truck": 359,
            "motor": 64
          }
        }
      ],
      "total": {
        "name": "scene_total",
        "list": "/app/Object_Detection/dynamic_quality_aware_classwise_aggregation/efficientteacher_dqa08_3_2_phase2_fedsto_dqa_sweep/c_dqa_high_light_head_r003/data_lists/paper_eval_scene_total_val.txt",
        "images": 9864,
        "source_splits": [
          "highway",
          "citystreet",
          "residential"
        ]
      }
    },
    "classes": [
      "person",
      "rider",
      "car",
      "bus",
      "truck",
      "bike",
      "motor",
      "traffic light",
      "traffic sign",
      "train"
    ],
    "paper_schedule": {
      "warmup_epochs": 50,
      "phase1_rounds": 100,
      "phase2_rounds": 150,
      "local_epochs": 1
    }
  },
  "configs": {
    "server_warmup": "/app/Object_Detection/dynamic_quality_aware_classwise_aggregation/efficientteacher_dqa08_3_2_phase2_fedsto_dqa_sweep/c_dqa_high_light_head_r003/configs/server_warmup_yolov5l_bdd100k.yaml",
    "client_0_phase1": "/app/Object_Detection/dynamic_quality_aware_classwise_aggregation/efficientteacher_dqa08_3_2_phase2_fedsto_dqa_sweep/c_dqa_high_light_head_r003/configs/client_0_highway_phase1.yaml",
    "client_0_phase2": "/app/Object_Detection/dynamic_quality_aware_classwise_aggregation/efficientteacher_dqa08_3_2_phase2_fedsto_dqa_sweep/c_dqa_high_light_head_r003/configs/client_0_highway_phase2.yaml",
    "client_1_phase1": "/app/Object_Detection/dynamic_quality_aware_classwise_aggregation/efficientteacher_dqa08_3_2_phase2_fedsto_dqa_sweep/c_dqa_high_light_head_r003/configs/client_1_citystreet_phase1.yaml",
    "client_1_phase2": "/app/Object_Detection/dynamic_quality_aware_classwise_aggregation/efficientteacher_dqa08_3_2_phase2_fedsto_dqa_sweep/c_dqa_high_light_head_r003/configs/client_1_citystreet_phase2.yaml",
    "client_2_phase1": "/app/Object_Detection/dynamic_quality_aware_classwise_aggregation/efficientteacher_dqa08_3_2_phase2_fedsto_dqa_sweep/c_dqa_high_light_head_r003/configs/client_2_residential_phase1.yaml",
    "client_2_phase2": "/app/Object_Detection/dynamic_quality_aware_classwise_aggregation/efficientteacher_dqa08_3_2_phase2_fedsto_dqa_sweep/c_dqa_high_light_head_r003/configs/client_2_residential_phase2.yaml",
    "server_phase1": "/app/Object_Detection/dynamic_quality_aware_classwise_aggregation/efficientteacher_dqa08_3_2_phase2_fedsto_dqa_sweep/c_dqa_high_light_head_r003/configs/server_phase1_backbone.yaml",
    "server_phase2": "/app/Object_Detection/dynamic_quality_aware_classwise_aggregation/efficientteacher_dqa08_3_2_phase2_fedsto_dqa_sweep/c_dqa_high_light_head_r003/configs/server_phase2_orthogonal.yaml"
  }
}
Reusing completed warm-up checkpoint: /app/Object_Detection/dynamic_quality_aware_classwise_aggregation/efficientteacher_dqa08_3_2_phase2_fedsto_dqa_sweep/c_dqa_high_light_head_r003/global_checkpoints/round000_warmup.pt
No completed DQA-CWA federated rounds found; starting from phase 1 round 1.
/root/micromamba/envs/al_yolov8/bin/python -m torch.distributed.run --nproc_per_node 2 --master_port 29722 train.py --cfg /app/Object_Detection/dynamic_quality_aware_classwise_aggregation/efficientteacher_dqa08_3_2_phase2_fedsto_dqa_sweep/c_dqa_high_light_head_r003/configs/runtime_phase2_client_round1_dqa_phase2_round001_client0_highway.yaml
Training output appended to /app/Object_Detection/dynamic_quality_aware_classwise_aggregation/logs_dqa08_3_2_phase2_fedsto_dqa_sweep/c_dqa_high_light_head_r003_train.log
/root/micromamba/envs/al_yolov8/bin/python -m torch.distributed.run --nproc_per_node 2 --master_port 29722 train.py --cfg /app/Object_Detection/dynamic_quality_aware_classwise_aggregation/efficientteacher_dqa08_3_2_phase2_fedsto_dqa_sweep/c_dqa_high_light_head_r003/configs/runtime_phase2_client_round1_dqa_phase2_round001_client1_citystreet.yaml
Training output appended to /app/Object_Detection/dynamic_quality_aware_classwise_aggregation/logs_dqa08_3_2_phase2_fedsto_dqa_sweep/c_dqa_high_light_head_r003_train.log
/root/micromamba/envs/al_yolov8/bin/python -m torch.distributed.run --nproc_per_node 2 --master_port 29722 train.py --cfg /app/Object_Detection/dynamic_quality_aware_classwise_aggregation/efficientteacher_dqa08_3_2_phase2_fedsto_dqa_sweep/c_dqa_high_light_head_r003/configs/runtime_phase2_client_round1_dqa_phase2_round001_client2_residential.yaml
Training output appended to /app/Object_Detection/dynamic_quality_aware_classwise_aggregation/logs_dqa08_3_2_phase2_fedsto_dqa_sweep/c_dqa_high_light_head_r003_train.log
DQA08_3_2 phase2 gate: variant=c_dqa_high_light_head_r003 profile=dqa_high_light round=1 residual_blend=0.1200 min_server_alpha=0.720 classwise_blend=0.080 server_anchor=8.000
/root/micromamba/envs/al_yolov8/bin/python -m torch.distributed.run --nproc_per_node 2 --master_port 29722 train.py --cfg /app/Object_Detection/dynamic_quality_aware_classwise_aggregation/efficientteacher_dqa08_3_2_phase2_fedsto_dqa_sweep/c_dqa_high_light_head_r003/configs/runtime_phase2_server_round1_dqa_phase2_round001_server.yaml
Training output appended to /app/Object_Detection/dynamic_quality_aware_classwise_aggregation/logs_dqa08_3_2_phase2_fedsto_dqa_sweep/c_dqa_high_light_head_r003_train.log
Completed DQA-CWA phase 2 round 1: /app/Object_Detection/dynamic_quality_aware_classwise_aggregation/efficientteacher_dqa08_3_2_phase2_fedsto_dqa_sweep/c_dqa_high_light_head_r003/global_checkpoints/phase2_round001_global.pt
/root/micromamba/envs/al_yolov8/bin/python -m torch.distributed.run --nproc_per_node 2 --master_port 29722 train.py --cfg /app/Object_Detection/dynamic_quality_aware_classwise_aggregation/efficientteacher_dqa08_3_2_phase2_fedsto_dqa_sweep/c_dqa_high_light_head_r003/configs/runtime_phase2_client_round2_dqa_phase2_round002_client0_highway.yaml
Training output appended to /app/Object_Detection/dynamic_quality_aware_classwise_aggregation/logs_dqa08_3_2_phase2_fedsto_dqa_sweep/c_dqa_high_light_head_r003_train.log
/root/micromamba/envs/al_yolov8/bin/python -m torch.distributed.run --nproc_per_node 2 --master_port 29722 train.py --cfg /app/Object_Detection/dynamic_quality_aware_classwise_aggregation/efficientteacher_dqa08_3_2_phase2_fedsto_dqa_sweep/c_dqa_high_light_head_r003/configs/runtime_phase2_client_round2_dqa_phase2_round002_client1_citystreet.yaml
Training output appended to /app/Object_Detection/dynamic_quality_aware_classwise_aggregation/logs_dqa08_3_2_phase2_fedsto_dqa_sweep/c_dqa_high_light_head_r003_train.log
/root/micromamba/envs/al_yolov8/bin/python -m torch.distributed.run --nproc_per_node 2 --master_port 29722 train.py --cfg /app/Object_Detection/dynamic_quality_aware_classwise_aggregation/efficientteacher_dqa08_3_2_phase2_fedsto_dqa_sweep/c_dqa_high_light_head_r003/configs/runtime_phase2_client_round2_dqa_phase2_round002_client2_residential.yaml
Training output appended to /app/Object_Detection/dynamic_quality_aware_classwise_aggregation/logs_dqa08_3_2_phase2_fedsto_dqa_sweep/c_dqa_high_light_head_r003_train.log
DQA08_3_2 phase2 gate: variant=c_dqa_high_light_head_r003 profile=dqa_high_light round=2 residual_blend=0.1111 min_server_alpha=0.727 classwise_blend=0.080 server_anchor=8.000
/root/micromamba/envs/al_yolov8/bin/python -m torch.distributed.run --nproc_per_node 2 --master_port 29722 train.py --cfg /app/Object_Detection/dynamic_quality_aware_classwise_aggregation/efficientteacher_dqa08_3_2_phase2_fedsto_dqa_sweep/c_dqa_high_light_head_r003/configs/runtime_phase2_server_round2_dqa_phase2_round002_server.yaml
Training output appended to /app/Object_Detection/dynamic_quality_aware_classwise_aggregation/logs_dqa08_3_2_phase2_fedsto_dqa_sweep/c_dqa_high_light_head_r003_train.log
Completed DQA-CWA phase 2 round 2: /app/Object_Detection/dynamic_quality_aware_classwise_aggregation/efficientteacher_dqa08_3_2_phase2_fedsto_dqa_sweep/c_dqa_high_light_head_r003/global_checkpoints/phase2_round002_global.pt
/root/micromamba/envs/al_yolov8/bin/python -m torch.distributed.run --nproc_per_node 2 --master_port 29722 train.py --cfg /app/Object_Detection/dynamic_quality_aware_classwise_aggregation/efficientteacher_dqa08_3_2_phase2_fedsto_dqa_sweep/c_dqa_high_light_head_r003/configs/runtime_phase2_client_round3_dqa_phase2_round003_client0_highway.yaml
Training output appended to /app/Object_Detection/dynamic_quality_aware_classwise_aggregation/logs_dqa08_3_2_phase2_fedsto_dqa_sweep/c_dqa_high_light_head_r003_train.log
/root/micromamba/envs/al_yolov8/bin/python -m torch.distributed.run --nproc_per_node 2 --master_port 29722 train.py --cfg /app/Object_Detection/dynamic_quality_aware_classwise_aggregation/efficientteacher_dqa08_3_2_phase2_fedsto_dqa_sweep/c_dqa_high_light_head_r003/configs/runtime_phase2_client_round3_dqa_phase2_round003_client1_citystreet.yaml
Training output appended to /app/Object_Detection/dynamic_quality_aware_classwise_aggregation/logs_dqa08_3_2_phase2_fedsto_dqa_sweep/c_dqa_high_light_head_r003_train.log
/root/micromamba/envs/al_yolov8/bin/python -m torch.distributed.run --nproc_per_node 2 --master_port 29722 train.py --cfg /app/Object_Detection/dynamic_quality_aware_classwise_aggregation/efficientteacher_dqa08_3_2_phase2_fedsto_dqa_sweep/c_dqa_high_light_head_r003/configs/runtime_phase2_client_round3_dqa_phase2_round003_client2_residential.yaml
Training output appended to /app/Object_Detection/dynamic_quality_aware_classwise_aggregation/logs_dqa08_3_2_phase2_fedsto_dqa_sweep/c_dqa_high_light_head_r003_train.log
DQA08_3_2 phase2 gate: variant=c_dqa_high_light_head_r003 profile=dqa_high_light round=3 residual_blend=0.1022 min_server_alpha=0.733 classwise_blend=0.080 server_anchor=8.000
/root/micromamba/envs/al_yolov8/bin/python -m torch.distributed.run --nproc_per_node 2 --master_port 29722 train.py --cfg /app/Object_Detection/dynamic_quality_aware_classwise_aggregation/efficientteacher_dqa08_3_2_phase2_fedsto_dqa_sweep/c_dqa_high_light_head_r003/configs/runtime_phase2_server_round3_dqa_phase2_round003_server.yaml
Training output appended to /app/Object_Detection/dynamic_quality_aware_classwise_aggregation/logs_dqa08_3_2_phase2_fedsto_dqa_sweep/c_dqa_high_light_head_r003_train.log
Completed DQA-CWA phase 2 round 3: /app/Object_Detection/dynamic_quality_aware_classwise_aggregation/efficientteacher_dqa08_3_2_phase2_fedsto_dqa_sweep/c_dqa_high_light_head_r003/global_checkpoints/phase2_round003_global.pt
/root/micromamba/envs/al_yolov8/bin/python -m torch.distributed.run --nproc_per_node 2 --master_port 29722 train.py --cfg /app/Object_Detection/dynamic_quality_aware_classwise_aggregation/efficientteacher_dqa08_3_2_phase2_fedsto_dqa_sweep/c_dqa_high_light_head_r003/configs/runtime_phase2_client_round4_dqa_phase2_round004_client0_highway.yaml
Training output appended to /app/Object_Detection/dynamic_quality_aware_classwise_aggregation/logs_dqa08_3_2_phase2_fedsto_dqa_sweep/c_dqa_high_light_head_r003_train.log
/root/micromamba/envs/al_yolov8/bin/python -m torch.distributed.run --nproc_per_node 2 --master_port 29722 train.py --cfg /app/Object_Detection/dynamic_quality_aware_classwise_aggregation/efficientteacher_dqa08_3_2_phase2_fedsto_dqa_sweep/c_dqa_high_light_head_r003/configs/runtime_phase2_client_round4_dqa_phase2_round004_client1_citystreet.yaml
Training output appended to /app/Object_Detection/dynamic_quality_aware_classwise_aggregation/logs_dqa08_3_2_phase2_fedsto_dqa_sweep/c_dqa_high_light_head_r003_train.log
/root/micromamba/envs/al_yolov8/bin/python -m torch.distributed.run --nproc_per_node 2 --master_port 29722 train.py --cfg /app/Object_Detection/dynamic_quality_aware_classwise_aggregation/efficientteacher_dqa08_3_2_phase2_fedsto_dqa_sweep/c_dqa_high_light_head_r003/configs/runtime_phase2_client_round4_dqa_phase2_round004_client2_residential.yaml
Training output appended to /app/Object_Detection/dynamic_quality_aware_classwise_aggregation/logs_dqa08_3_2_phase2_fedsto_dqa_sweep/c_dqa_high_light_head_r003_train.log
DQA08_3_2 phase2 gate: variant=c_dqa_high_light_head_r003 profile=dqa_high_light round=4 residual_blend=0.0933 min_server_alpha=0.740 classwise_blend=0.080 server_anchor=8.000
/root/micromamba/envs/al_yolov8/bin/python -m torch.distributed.run --nproc_per_node 2 --master_port 29722 train.py --cfg /app/Object_Detection/dynamic_quality_aware_classwise_aggregation/efficientteacher_dqa08_3_2_phase2_fedsto_dqa_sweep/c_dqa_high_light_head_r003/configs/runtime_phase2_server_round4_dqa_phase2_round004_server.yaml
Training output appended to /app/Object_Detection/dynamic_quality_aware_classwise_aggregation/logs_dqa08_3_2_phase2_fedsto_dqa_sweep/c_dqa_high_light_head_r003_train.log
Completed DQA-CWA phase 2 round 4: /app/Object_Detection/dynamic_quality_aware_classwise_aggregation/efficientteacher_dqa08_3_2_phase2_fedsto_dqa_sweep/c_dqa_high_light_head_r003/global_checkpoints/phase2_round004_global.pt
/root/micromamba/envs/al_yolov8/bin/python -m torch.distributed.run --nproc_per_node 2 --master_port 29722 train.py --cfg /app/Object_Detection/dynamic_quality_aware_classwise_aggregation/efficientteacher_dqa08_3_2_phase2_fedsto_dqa_sweep/c_dqa_high_light_head_r003/configs/runtime_phase2_client_round5_dqa_phase2_round005_client0_highway.yaml
Training output appended to /app/Object_Detection/dynamic_quality_aware_classwise_aggregation/logs_dqa08_3_2_phase2_fedsto_dqa_sweep/c_dqa_high_light_head_r003_train.log
/root/micromamba/envs/al_yolov8/bin/python -m torch.distributed.run --nproc_per_node 2 --master_port 29722 train.py --cfg /app/Object_Detection/dynamic_quality_aware_classwise_aggregation/efficientteacher_dqa08_3_2_phase2_fedsto_dqa_sweep/c_dqa_high_light_head_r003/configs/runtime_phase2_client_round5_dqa_phase2_round005_client1_citystreet.yaml
Training output appended to /app/Object_Detection/dynamic_quality_aware_classwise_aggregation/logs_dqa08_3_2_phase2_fedsto_dqa_sweep/c_dqa_high_light_head_r003_train.log
/root/micromamba/envs/al_yolov8/bin/python -m torch.distributed.run --nproc_per_node 2 --master_port 29722 train.py --cfg /app/Object_Detection/dynamic_quality_aware_classwise_aggregation/efficientteacher_dqa08_3_2_phase2_fedsto_dqa_sweep/c_dqa_high_light_head_r003/configs/runtime_phase2_client_round5_dqa_phase2_round005_client2_residential.yaml
Training output appended to /app/Object_Detection/dynamic_quality_aware_classwise_aggregation/logs_dqa08_3_2_phase2_fedsto_dqa_sweep/c_dqa_high_light_head_r003_train.log
DQA08_3_2 phase2 gate: variant=c_dqa_high_light_head_r003 profile=dqa_high_light round=5 residual_blend=0.0844 min_server_alpha=0.747 classwise_blend=0.080 server_anchor=8.000
/root/micromamba/envs/al_yolov8/bin/python -m torch.distributed.run --nproc_per_node 2 --master_port 29722 train.py --cfg /app/Object_Detection/dynamic_quality_aware_classwise_aggregation/efficientteacher_dqa08_3_2_phase2_fedsto_dqa_sweep/c_dqa_high_light_head_r003/configs/runtime_phase2_server_round5_dqa_phase2_round005_server.yaml
Training output appended to /app/Object_Detection/dynamic_quality_aware_classwise_aggregation/logs_dqa08_3_2_phase2_fedsto_dqa_sweep/c_dqa_high_light_head_r003_train.log
Completed DQA-CWA phase 2 round 5: /app/Object_Detection/dynamic_quality_aware_classwise_aggregation/efficientteacher_dqa08_3_2_phase2_fedsto_dqa_sweep/c_dqa_high_light_head_r003/global_checkpoints/phase2_round005_global.pt
/root/micromamba/envs/al_yolov8/bin/python -m torch.distributed.run --nproc_per_node 2 --master_port 29722 train.py --cfg /app/Object_Detection/dynamic_quality_aware_classwise_aggregation/efficientteacher_dqa08_3_2_phase2_fedsto_dqa_sweep/c_dqa_high_light_head_r003/configs/runtime_phase2_client_round6_dqa_phase2_round006_client0_highway.yaml
Training output appended to /app/Object_Detection/dynamic_quality_aware_classwise_aggregation/logs_dqa08_3_2_phase2_fedsto_dqa_sweep/c_dqa_high_light_head_r003_train.log
/root/micromamba/envs/al_yolov8/bin/python -m torch.distributed.run --nproc_per_node 2 --master_port 29722 train.py --cfg /app/Object_Detection/dynamic_quality_aware_classwise_aggregation/efficientteacher_dqa08_3_2_phase2_fedsto_dqa_sweep/c_dqa_high_light_head_r003/configs/runtime_phase2_client_round6_dqa_phase2_round006_client1_citystreet.yaml
Training output appended to /app/Object_Detection/dynamic_quality_aware_classwise_aggregation/logs_dqa08_3_2_phase2_fedsto_dqa_sweep/c_dqa_high_light_head_r003_train.log
/root/micromamba/envs/al_yolov8/bin/python -m torch.distributed.run --nproc_per_node 2 --master_port 29722 train.py --cfg /app/Object_Detection/dynamic_quality_aware_classwise_aggregation/efficientteacher_dqa08_3_2_phase2_fedsto_dqa_sweep/c_dqa_high_light_head_r003/configs/runtime_phase2_client_round6_dqa_phase2_round006_client2_residential.yaml
Training output appended to /app/Object_Detection/dynamic_quality_aware_classwise_aggregation/logs_dqa08_3_2_phase2_fedsto_dqa_sweep/c_dqa_high_light_head_r003_train.log
DQA08_3_2 phase2 gate: variant=c_dqa_high_light_head_r003 profile=dqa_high_light round=6 residual_blend=0.0756 min_server_alpha=0.753 classwise_blend=0.080 server_anchor=8.000
/root/micromamba/envs/al_yolov8/bin/python -m torch.distributed.run --nproc_per_node 2 --master_port 29722 train.py --cfg /app/Object_Detection/dynamic_quality_aware_classwise_aggregation/efficientteacher_dqa08_3_2_phase2_fedsto_dqa_sweep/c_dqa_high_light_head_r003/configs/runtime_phase2_server_round6_dqa_phase2_round006_server.yaml
Training output appended to /app/Object_Detection/dynamic_quality_aware_classwise_aggregation/logs_dqa08_3_2_phase2_fedsto_dqa_sweep/c_dqa_high_light_head_r003_train.log
Completed DQA-CWA phase 2 round 6: /app/Object_Detection/dynamic_quality_aware_classwise_aggregation/efficientteacher_dqa08_3_2_phase2_fedsto_dqa_sweep/c_dqa_high_light_head_r003/global_checkpoints/phase2_round006_global.pt
/root/micromamba/envs/al_yolov8/bin/python -m torch.distributed.run --nproc_per_node 2 --master_port 29722 train.py --cfg /app/Object_Detection/dynamic_quality_aware_classwise_aggregation/efficientteacher_dqa08_3_2_phase2_fedsto_dqa_sweep/c_dqa_high_light_head_r003/configs/runtime_phase2_client_round7_dqa_phase2_round007_client0_highway.yaml
Training output appended to /app/Object_Detection/dynamic_quality_aware_classwise_aggregation/logs_dqa08_3_2_phase2_fedsto_dqa_sweep/c_dqa_high_light_head_r003_train.log
/root/micromamba/envs/al_yolov8/bin/python -m torch.distributed.run --nproc_per_node 2 --master_port 29722 train.py --cfg /app/Object_Detection/dynamic_quality_aware_classwise_aggregation/efficientteacher_dqa08_3_2_phase2_fedsto_dqa_sweep/c_dqa_high_light_head_r003/configs/runtime_phase2_client_round7_dqa_phase2_round007_client1_citystreet.yaml
Training output appended to /app/Object_Detection/dynamic_quality_aware_classwise_aggregation/logs_dqa08_3_2_phase2_fedsto_dqa_sweep/c_dqa_high_light_head_r003_train.log
/root/micromamba/envs/al_yolov8/bin/python -m torch.distributed.run --nproc_per_node 2 --master_port 29722 train.py --cfg /app/Object_Detection/dynamic_quality_aware_classwise_aggregation/efficientteacher_dqa08_3_2_phase2_fedsto_dqa_sweep/c_dqa_high_light_head_r003/configs/runtime_phase2_client_round7_dqa_phase2_round007_client2_residential.yaml
Training output appended to /app/Object_Detection/dynamic_quality_aware_classwise_aggregation/logs_dqa08_3_2_phase2_fedsto_dqa_sweep/c_dqa_high_light_head_r003_train.log
DQA08_3_2 phase2 gate: variant=c_dqa_high_light_head_r003 profile=dqa_high_light round=7 residual_blend=0.0667 min_server_alpha=0.760 classwise_blend=0.080 server_anchor=8.000
/root/micromamba/envs/al_yolov8/bin/python -m torch.distributed.run --nproc_per_node 2 --master_port 29722 train.py --cfg /app/Object_Detection/dynamic_quality_aware_classwise_aggregation/efficientteacher_dqa08_3_2_phase2_fedsto_dqa_sweep/c_dqa_high_light_head_r003/configs/runtime_phase2_server_round7_dqa_phase2_round007_server.yaml
Training output appended to /app/Object_Detection/dynamic_quality_aware_classwise_aggregation/logs_dqa08_3_2_phase2_fedsto_dqa_sweep/c_dqa_high_light_head_r003_train.log
Completed DQA-CWA phase 2 round 7: /app/Object_Detection/dynamic_quality_aware_classwise_aggregation/efficientteacher_dqa08_3_2_phase2_fedsto_dqa_sweep/c_dqa_high_light_head_r003/global_checkpoints/phase2_round007_global.pt
/root/micromamba/envs/al_yolov8/bin/python -m torch.distributed.run --nproc_per_node 2 --master_port 29722 train.py --cfg /app/Object_Detection/dynamic_quality_aware_classwise_aggregation/efficientteacher_dqa08_3_2_phase2_fedsto_dqa_sweep/c_dqa_high_light_head_r003/configs/runtime_phase2_client_round8_dqa_phase2_round008_client0_highway.yaml
Training output appended to /app/Object_Detection/dynamic_quality_aware_classwise_aggregation/logs_dqa08_3_2_phase2_fedsto_dqa_sweep/c_dqa_high_light_head_r003_train.log
/root/micromamba/envs/al_yolov8/bin/python -m torch.distributed.run --nproc_per_node 2 --master_port 29722 train.py --cfg /app/Object_Detection/dynamic_quality_aware_classwise_aggregation/efficientteacher_dqa08_3_2_phase2_fedsto_dqa_sweep/c_dqa_high_light_head_r003/configs/runtime_phase2_client_round8_dqa_phase2_round008_client1_citystreet.yaml
Training output appended to /app/Object_Detection/dynamic_quality_aware_classwise_aggregation/logs_dqa08_3_2_phase2_fedsto_dqa_sweep/c_dqa_high_light_head_r003_train.log
/root/micromamba/envs/al_yolov8/bin/python -m torch.distributed.run --nproc_per_node 2 --master_port 29722 train.py --cfg /app/Object_Detection/dynamic_quality_aware_classwise_aggregation/efficientteacher_dqa08_3_2_phase2_fedsto_dqa_sweep/c_dqa_high_light_head_r003/configs/runtime_phase2_client_round8_dqa_phase2_round008_client2_residential.yaml
Training output appended to /app/Object_Detection/dynamic_quality_aware_classwise_aggregation/logs_dqa08_3_2_phase2_fedsto_dqa_sweep/c_dqa_high_light_head_r003_train.log
DQA08_3_2 phase2 gate: variant=c_dqa_high_light_head_r003 profile=dqa_high_light round=8 residual_blend=0.0578 min_server_alpha=0.767 classwise_blend=0.080 server_anchor=8.000
/root/micromamba/envs/al_yolov8/bin/python -m torch.distributed.run --nproc_per_node 2 --master_port 29722 train.py --cfg /app/Object_Detection/dynamic_quality_aware_classwise_aggregation/efficientteacher_dqa08_3_2_phase2_fedsto_dqa_sweep/c_dqa_high_light_head_r003/configs/runtime_phase2_server_round8_dqa_phase2_round008_server.yaml
Training output appended to /app/Object_Detection/dynamic_quality_aware_classwise_aggregation/logs_dqa08_3_2_phase2_fedsto_dqa_sweep/c_dqa_high_light_head_r003_train.log
Completed DQA-CWA phase 2 round 8: /app/Object_Detection/dynamic_quality_aware_classwise_aggregation/efficientteacher_dqa08_3_2_phase2_fedsto_dqa_sweep/c_dqa_high_light_head_r003/global_checkpoints/phase2_round008_global.pt
/root/micromamba/envs/al_yolov8/bin/python -m torch.distributed.run --nproc_per_node 2 --master_port 29722 train.py --cfg /app/Object_Detection/dynamic_quality_aware_classwise_aggregation/efficientteacher_dqa08_3_2_phase2_fedsto_dqa_sweep/c_dqa_high_light_head_r003/configs/runtime_phase2_client_round9_dqa_phase2_round009_client0_highway.yaml
Training output appended to /app/Object_Detection/dynamic_quality_aware_classwise_aggregation/logs_dqa08_3_2_phase2_fedsto_dqa_sweep/c_dqa_high_light_head_r003_train.log
/root/micromamba/envs/al_yolov8/bin/python -m torch.distributed.run --nproc_per_node 2 --master_port 29722 train.py --cfg /app/Object_Detection/dynamic_quality_aware_classwise_aggregation/efficientteacher_dqa08_3_2_phase2_fedsto_dqa_sweep/c_dqa_high_light_head_r003/configs/runtime_phase2_client_round9_dqa_phase2_round009_client1_citystreet.yaml
Training output appended to /app/Object_Detection/dynamic_quality_aware_classwise_aggregation/logs_dqa08_3_2_phase2_fedsto_dqa_sweep/c_dqa_high_light_head_r003_train.log
/root/micromamba/envs/al_yolov8/bin/python -m torch.distributed.run --nproc_per_node 2 --master_port 29722 train.py --cfg /app/Object_Detection/dynamic_quality_aware_classwise_aggregation/efficientteacher_dqa08_3_2_phase2_fedsto_dqa_sweep/c_dqa_high_light_head_r003/configs/runtime_phase2_client_round9_dqa_phase2_round009_client2_residential.yaml
Training output appended to /app/Object_Detection/dynamic_quality_aware_classwise_aggregation/logs_dqa08_3_2_phase2_fedsto_dqa_sweep/c_dqa_high_light_head_r003_train.log
DQA08_3_2 phase2 gate: variant=c_dqa_high_light_head_r003 profile=dqa_high_light round=9 residual_blend=0.0489 min_server_alpha=0.773 classwise_blend=0.080 server_anchor=8.000
/root/micromamba/envs/al_yolov8/bin/python -m torch.distributed.run --nproc_per_node 2 --master_port 29722 train.py --cfg /app/Object_Detection/dynamic_quality_aware_classwise_aggregation/efficientteacher_dqa08_3_2_phase2_fedsto_dqa_sweep/c_dqa_high_light_head_r003/configs/runtime_phase2_server_round9_dqa_phase2_round009_server.yaml
Training output appended to /app/Object_Detection/dynamic_quality_aware_classwise_aggregation/logs_dqa08_3_2_phase2_fedsto_dqa_sweep/c_dqa_high_light_head_r003_train.log
Completed DQA-CWA phase 2 round 9: /app/Object_Detection/dynamic_quality_aware_classwise_aggregation/efficientteacher_dqa08_3_2_phase2_fedsto_dqa_sweep/c_dqa_high_light_head_r003/global_checkpoints/phase2_round009_global.pt
/root/micromamba/envs/al_yolov8/bin/python -m torch.distributed.run --nproc_per_node 2 --master_port 29722 train.py --cfg /app/Object_Detection/dynamic_quality_aware_classwise_aggregation/efficientteacher_dqa08_3_2_phase2_fedsto_dqa_sweep/c_dqa_high_light_head_r003/configs/runtime_phase2_client_round10_dqa_phase2_round010_client0_highway.yaml
Training output appended to /app/Object_Detection/dynamic_quality_aware_classwise_aggregation/logs_dqa08_3_2_phase2_fedsto_dqa_sweep/c_dqa_high_light_head_r003_train.log
/root/micromamba/envs/al_yolov8/bin/python -m torch.distributed.run --nproc_per_node 2 --master_port 29722 train.py --cfg /app/Object_Detection/dynamic_quality_aware_classwise_aggregation/efficientteacher_dqa08_3_2_phase2_fedsto_dqa_sweep/c_dqa_high_light_head_r003/configs/runtime_phase2_client_round10_dqa_phase2_round010_client1_citystreet.yaml
Training output appended to /app/Object_Detection/dynamic_quality_aware_classwise_aggregation/logs_dqa08_3_2_phase2_fedsto_dqa_sweep/c_dqa_high_light_head_r003_train.log
/root/micromamba/envs/al_yolov8/bin/python -m torch.distributed.run --nproc_per_node 2 --master_port 29722 train.py --cfg /app/Object_Detection/dynamic_quality_aware_classwise_aggregation/efficientteacher_dqa08_3_2_phase2_fedsto_dqa_sweep/c_dqa_high_light_head_r003/configs/runtime_phase2_client_round10_dqa_phase2_round010_client2_residential.yaml
Training output appended to /app/Object_Detection/dynamic_quality_aware_classwise_aggregation/logs_dqa08_3_2_phase2_fedsto_dqa_sweep/c_dqa_high_light_head_r003_train.log
DQA08_3_2 phase2 gate: variant=c_dqa_high_light_head_r003 profile=dqa_high_light round=10 residual_blend=0.0400 min_server_alpha=0.780 classwise_blend=0.080 server_anchor=8.000
/root/micromamba/envs/al_yolov8/bin/python -m torch.distributed.run --nproc_per_node 2 --master_port 29722 train.py --cfg /app/Object_Detection/dynamic_quality_aware_classwise_aggregation/efficientteacher_dqa08_3_2_phase2_fedsto_dqa_sweep/c_dqa_high_light_head_r003/configs/runtime_phase2_server_round10_dqa_phase2_round010_server.yaml
Training output appended to /app/Object_Detection/dynamic_quality_aware_classwise_aggregation/logs_dqa08_3_2_phase2_fedsto_dqa_sweep/c_dqa_high_light_head_r003_train.log
Completed DQA-CWA phase 2 round 10: /app/Object_Detection/dynamic_quality_aware_classwise_aggregation/efficientteacher_dqa08_3_2_phase2_fedsto_dqa_sweep/c_dqa_high_light_head_r003/global_checkpoints/phase2_round010_global.pt
